INFO:     Will watch for changes in these directories: ['C:\\Users\\johns\\OneDrive - Atlantic TU\\CICD3\\DPDProject\\ConsignmentsCICD']
INFO:     Uvicorn running on http://0.0.0.0:8002 (Press CTRL+C to quit)
INFO:     Started reloader process [25168] using StatReload
INFO:     Started server process [21524]
INFO:     Waiting for application startup.
2026-01-09 19:53:27,701 INFO sqlalchemy.engine.Engine BEGIN (implicit)
2026-01-09 19:53:27,702 INFO sqlalchemy.engine.Engine PRAGMA main.table_info("consignments")
2026-01-09 19:53:27,702 INFO sqlalchemy.engine.Engine [raw sql] ()
2026-01-09 19:53:27,702 INFO sqlalchemy.engine.Engine COMMIT
INFO:     Application startup complete.
WARNING:  StatReload detected changes in 'app\main.py'. Reloading...
 INFO:     Shutting down
INFO:     Waiting for application shutdown.
INFO:     Application shutdown complete.
INFO:     Finished server process [21524]
Process SpawnProcess-2:
Traceback (most recent call last):
  File "C:\Program Files\WindowsApps\PythonSoftwareFoundation.Python.3.13_3.13.2544.0_x64__qbz5n2kfra8p0\Lib\multiprocessing\process.py", line 313, in _bootstrap
    self.run()
    ~~~~~~~~^^
  File "C:\Program Files\WindowsApps\PythonSoftwareFoundation.Python.3.13_3.13.2544.0_x64__qbz5n2kfra8p0\Lib\multiprocessing\process.py", line 108, in run
    self._target(*self._args, **self._kwargs)
    ~~~~~~~~~~~~^^^^^^^^^^^^^^^^^^^^^^^^^^^^^
  File "C:\Users\johns\AppData\Local\Packages\PythonSoftwareFoundation.Python.3.13_qbz5n2kfra8p0\LocalCache\local-packages\Python313\site-packages\uvicorn\_subprocess.py", line 80, in subprocess_started
    target(sockets=sockets)
    ~~~~~~^^^^^^^^^^^^^^^^^
  File "C:\Users\johns\AppData\Local\Packages\PythonSoftwareFoundation.Python.3.13_qbz5n2kfra8p0\LocalCache\local-packages\Python313\site-packages\uvicorn\server.py", line 67, in run
    return asyncio_run(self.serve(sockets=sockets), loop_factory=self.config.get_loop_factory())
  File "C:\Program Files\WindowsApps\PythonSoftwareFoundation.Python.3.13_3.13.2544.0_x64__qbz5n2kfra8p0\Lib\asyncio\runners.py", line 195, in run
    return runner.run(main)
           ~~~~~~~~~~^^^^^^
  File "C:\Program Files\WindowsApps\PythonSoftwareFoundation.Python.3.13_3.13.2544.0_x64__qbz5n2kfra8p0\Lib\asyncio\runners.py", line 118, in run
    return self._loop.run_until_complete(task)
           ~~~~~~~~~~~~~~~~~~~~~~~~~~~~~^^^^^^
  File "C:\Program Files\WindowsApps\PythonSoftwareFoundation.Python.3.13_3.13.2544.0_x64__qbz5n2kfra8p0\Lib\asyncio\base_events.py", line 725, in run_until_complete
    return future.result()
           ~~~~~~~~~~~~~^^
  File "C:\Users\johns\AppData\Local\Packages\PythonSoftwareFoundation.Python.3.13_qbz5n2kfra8p0\LocalCache\local-packages\Python313\site-packages\uvicorn\server.py", line 71, in serve
    await self._serve(sockets)
  File "C:\Users\johns\AppData\Local\Packages\PythonSoftwareFoundation.Python.3.13_qbz5n2kfra8p0\LocalCache\local-packages\Python313\site-packages\uvicorn\server.py", line 78, in _serve
    config.load()
    ~~~~~~~~~~~^^
  File "C:\Users\johns\AppData\Local\Packages\PythonSoftwareFoundation.Python.3.13_qbz5n2kfra8p0\LocalCache\local-packages\Python313\site-packages\uvicorn\config.py", line 438, in load
    self.loaded_app = import_from_string(self.app)
                      ~~~~~~~~~~~~~~~~~~^^^^^^^^^^
  File "C:\Users\johns\AppData\Local\Packages\PythonSoftwareFoundation.Python.3.13_qbz5n2kfra8p0\LocalCache\local-packages\Python313\site-packages\uvicorn\importer.py", line 19, in import_from_string
    module = importlib.import_module(module_str)
  File "C:\Program Files\WindowsApps\PythonSoftwareFoundation.Python.3.13_3.13.2544.0_x64__qbz5n2kfra8p0\Lib\importlib\__init__.py", line 88, in import_module
    return _bootstrap._gcd_import(name[level:], package, level)
           ~~~~~~~~~~~~~~~~~~~~~~^^^^^^^^^^^^^^^^^^^^^^^^^^^^^^
  File "<frozen importlib._bootstrap>", line 1387, in _gcd_import
  File "<frozen importlib._bootstrap>", line 1360, in _find_and_load
  File "<frozen importlib._bootstrap>", line 1331, in _find_and_load_unlocked
  File "<frozen importlib._bootstrap>", line 935, in _load_unlocked
  File "<frozen importlib._bootstrap_external>", line 1023, in exec_module
  File "<frozen importlib._bootstrap_external>", line 1161, in get_code
  File "<frozen importlib._bootstrap_external>", line 1091, in source_to_code
  File "<frozen importlib._bootstrap>", line 488, in _call_with_frames_removed
  File "C:\Users\johns\OneDrive - Atlantic TU\CICD3\DPDProject\ConsignmentsCICD\app\main.py", line 168
    @app.delete("/api/consignment/{id}", status_code=204)
    ^
IndentationError: expected an indented block after function definition on line 162
WARNING:  StatReload detected changes in 'app\main.py'. Reloading...
 INFO:     Started server process [25596]
INFO:     Waiting for application startup.
2026-01-09 19:55:10,892 INFO sqlalchemy.engine.Engine BEGIN (implicit)
2026-01-09 19:55:10,892 INFO sqlalchemy.engine.Engine PRAGMA main.table_info("consignments")
2026-01-09 19:55:10,892 INFO sqlalchemy.engine.Engine [raw sql] ()
2026-01-09 19:55:10,893 INFO sqlalchemy.engine.Engine COMMIT
INFO:     Application startup complete.
WARNING:  StatReload detected changes in 'app\main.py'. Reloading...
 INFO:     Shutting down
INFO:     Waiting for application shutdown.
INFO:     Application shutdown complete.
INFO:     Finished server process [25596]
INFO:     Started server process [18940]
INFO:     Waiting for application startup.
2026-01-09 19:55:33,155 INFO sqlalchemy.engine.Engine BEGIN (implicit)
2026-01-09 19:55:33,155 INFO sqlalchemy.engine.Engine PRAGMA main.table_info("consignments")
2026-01-09 19:55:33,156 INFO sqlalchemy.engine.Engine [raw sql] ()
2026-01-09 19:55:33,156 INFO sqlalchemy.engine.Engine COMMIT
INFO:     Application startup complete.
WARNING:  StatReload detected changes in 'app\main.py'. Reloading...
 INFO:     Shutting down
INFO:     Waiting for application shutdown.
INFO:     Application shutdown complete.
INFO:     Finished server process [18940]
INFO:     Started server process [9612]
INFO:     Waiting for application startup.
2026-01-09 19:55:37,980 INFO sqlalchemy.engine.Engine BEGIN (implicit)
2026-01-09 19:55:37,980 INFO sqlalchemy.engine.Engine PRAGMA main.table_info("consignments")
2026-01-09 19:55:37,980 INFO sqlalchemy.engine.Engine [raw sql] ()
2026-01-09 19:55:37,981 INFO sqlalchemy.engine.Engine COMMIT
INFO:     Application startup complete.
WARNING:  StatReload detected changes in 'app\main.py'. Reloading...
 INFO:     Shutting down
INFO:     Waiting for application shutdown.
INFO:     Application shutdown complete.
INFO:     Finished server process [9612]
INFO:     Started server process [25148]
INFO:     Waiting for application startup.
2026-01-09 19:55:39,675 INFO sqlalchemy.engine.Engine BEGIN (implicit)
2026-01-09 19:55:39,675 INFO sqlalchemy.engine.Engine PRAGMA main.table_info("consignments")
2026-01-09 19:55:39,675 INFO sqlalchemy.engine.Engine [raw sql] ()
2026-01-09 19:55:39,675 INFO sqlalchemy.engine.Engine COMMIT
INFO:     Application startup complete.
WARNING:  StatReload detected changes in 'app\main.py'. Reloading...
 INFO:     Shutting down
INFO:     Waiting for application shutdown.
INFO:     Application shutdown complete.
INFO:     Finished server process [25148]
INFO:     Started server process [26764]
INFO:     Waiting for application startup.
2026-01-09 19:55:47,003 INFO sqlalchemy.engine.Engine BEGIN (implicit)
2026-01-09 19:55:47,003 INFO sqlalchemy.engine.Engine PRAGMA main.table_info("consignments")
2026-01-09 19:55:47,003 INFO sqlalchemy.engine.Engine [raw sql] ()
2026-01-09 19:55:47,003 INFO sqlalchemy.engine.Engine COMMIT
INFO:     Application startup complete.
WARNING:  StatReload detected changes in 'app\main.py'. Reloading...
 INFO:     Shutting down
INFO:     Waiting for application shutdown.
INFO:     Application shutdown complete.
INFO:     Finished server process [26764]
INFO:     Started server process [23092]
INFO:     Waiting for application startup.
2026-01-09 19:56:13,485 INFO sqlalchemy.engine.Engine BEGIN (implicit)
2026-01-09 19:56:13,485 INFO sqlalchemy.engine.Engine PRAGMA main.table_info("consignments")
2026-01-09 19:56:13,485 INFO sqlalchemy.engine.Engine [raw sql] ()
2026-01-09 19:56:13,486 INFO sqlalchemy.engine.Engine COMMIT
INFO:     Application startup complete.
WARNING:  StatReload detected changes in 'app\main.py'. Reloading...
 INFO:     Shutting down
INFO:     Waiting for application shutdown.
INFO:     Application shutdown complete.
INFO:     Finished server process [23092]
INFO:     Started server process [24176]
INFO:     Waiting for application startup.
2026-01-09 19:56:16,502 INFO sqlalchemy.engine.Engine BEGIN (implicit)
2026-01-09 19:56:16,502 INFO sqlalchemy.engine.Engine PRAGMA main.table_info("consignments")
2026-01-09 19:56:16,502 INFO sqlalchemy.engine.Engine [raw sql] ()
2026-01-09 19:56:16,502 INFO sqlalchemy.engine.Engine COMMIT
INFO:     Application startup complete.
WARNING:  StatReload detected changes in 'app\main.py'. Reloading...
 INFO:     Shutting down
INFO:     Waiting for application shutdown.
INFO:     Application shutdown complete.
INFO:     Finished server process [24176]
INFO:     Started server process [30844]
INFO:     Waiting for application startup.
2026-01-09 19:56:20,987 INFO sqlalchemy.engine.Engine BEGIN (implicit)
2026-01-09 19:56:20,988 INFO sqlalchemy.engine.Engine PRAGMA main.table_info("consignments")
2026-01-09 19:56:20,988 INFO sqlalchemy.engine.Engine [raw sql] ()
2026-01-09 19:56:20,988 INFO sqlalchemy.engine.Engine COMMIT
INFO:     Application startup complete.
WARNING:  StatReload detected changes in 'app\main.py'. Reloading...
 INFO:     Shutting down
INFO:     Waiting for application shutdown.
INFO:     Application shutdown complete.
INFO:     Finished server process [30844]
INFO:     Started server process [31884]
INFO:     Waiting for application startup.
2026-01-09 19:56:23,837 INFO sqlalchemy.engine.Engine BEGIN (implicit)
2026-01-09 19:56:23,837 INFO sqlalchemy.engine.Engine PRAGMA main.table_info("consignments")
2026-01-09 19:56:23,837 INFO sqlalchemy.engine.Engine [raw sql] ()
2026-01-09 19:56:23,837 INFO sqlalchemy.engine.Engine COMMIT
INFO:     Application startup complete.
WARNING:  StatReload detected changes in 'app\main.py'. Reloading...
 INFO:     Shutting down
INFO:     Waiting for application shutdown.
INFO:     Application shutdown complete.
INFO:     Finished server process [31884]
INFO:     Started server process [17252]
INFO:     Waiting for application startup.
2026-01-09 19:56:28,786 INFO sqlalchemy.engine.Engine BEGIN (implicit)
2026-01-09 19:56:28,786 INFO sqlalchemy.engine.Engine PRAGMA main.table_info("consignments")
2026-01-09 19:56:28,786 INFO sqlalchemy.engine.Engine [raw sql] ()
2026-01-09 19:56:28,787 INFO sqlalchemy.engine.Engine COMMIT
INFO:     Application startup complete.
WARNING:  StatReload detected changes in 'app\main.py'. Reloading...
 INFO:     Shutting down
INFO:     Waiting for application shutdown.
INFO:     Application shutdown complete.
INFO:     Finished server process [17252]
INFO:     Started server process [24548]
INFO:     Waiting for application startup.
2026-01-09 19:56:38,986 INFO sqlalchemy.engine.Engine BEGIN (implicit)
2026-01-09 19:56:38,986 INFO sqlalchemy.engine.Engine PRAGMA main.table_info("consignments")
2026-01-09 19:56:38,986 INFO sqlalchemy.engine.Engine [raw sql] ()
2026-01-09 19:56:38,986 INFO sqlalchemy.engine.Engine COMMIT
INFO:     Application startup complete.
WARNING:  StatReload detected changes in 'app\main.py'. Reloading...
 INFO:     Shutting down
INFO:     Waiting for application shutdown.
INFO:     Application shutdown complete.
INFO:     Finished server process [24548]
INFO:     Started server process [28248]
INFO:     Waiting for application startup.
2026-01-09 19:56:45,030 INFO sqlalchemy.engine.Engine BEGIN (implicit)
2026-01-09 19:56:45,030 INFO sqlalchemy.engine.Engine PRAGMA main.table_info("consignments")
2026-01-09 19:56:45,030 INFO sqlalchemy.engine.Engine [raw sql] ()
2026-01-09 19:56:45,031 INFO sqlalchemy.engine.Engine COMMIT
INFO:     Application startup complete.
WARNING:  StatReload detected changes in 'app\main.py'. Reloading...
 INFO:     Shutting down
INFO:     Waiting for application shutdown.
INFO:     Application shutdown complete.
INFO:     Finished server process [28248]
INFO:     Started server process [3712]
INFO:     Waiting for application startup.
2026-01-09 19:56:47,177 INFO sqlalchemy.engine.Engine BEGIN (implicit)
2026-01-09 19:56:47,177 INFO sqlalchemy.engine.Engine PRAGMA main.table_info("consignments")
2026-01-09 19:56:47,177 INFO sqlalchemy.engine.Engine [raw sql] ()
2026-01-09 19:56:47,177 INFO sqlalchemy.engine.Engine COMMIT
INFO:     Application startup complete.
WARNING:  StatReload detected changes in 'app\main.py'. Reloading...
 INFO:     Shutting down
INFO:     Waiting for application shutdown.
INFO:     Application shutdown complete.
INFO:     Finished server process [3712]
INFO:     Started server process [8816]
INFO:     Waiting for application startup.
2026-01-09 19:56:53,272 INFO sqlalchemy.engine.Engine BEGIN (implicit)
2026-01-09 19:56:53,272 INFO sqlalchemy.engine.Engine PRAGMA main.table_info("consignments")
2026-01-09 19:56:53,272 INFO sqlalchemy.engine.Engine [raw sql] ()
2026-01-09 19:56:53,272 INFO sqlalchemy.engine.Engine COMMIT
INFO:     Application startup complete.
2026-01-09 19:57:16,073 INFO sqlalchemy.engine.Engine BEGIN (implicit)
2026-01-09 19:57:16,077 INFO sqlalchemy.engine.Engine SELECT consignments.id, consignments.account_no, consignments.name, consignments.addressline1, consignments.addressline2, consignments.addressline3, consignments.addressline4, consignments.weight, consignments.consignment_number, consignments.delivery_depot 
FROM consignments 
WHERE consignments.consignment_number = ?
2026-01-09 19:57:16,077 INFO sqlalchemy.engine.Engine [generated in 0.00028s] (16,)
2026-01-09 19:57:16,080 INFO sqlalchemy.engine.Engine UPDATE consignments SET name=?, addressline1=?, addressline2=?, addressline3=?, addressline4=?, weight=? WHERE consignments.id = ?
2026-01-09 19:57:16,081 INFO sqlalchemy.engine.Engine [generated in 0.00021s] ('Maria', 'Test Road', 'Barrow', 'Cork City', 'Cork', 1, 18)
2026-01-09 19:57:16,084 INFO sqlalchemy.engine.Engine COMMIT
2026-01-09 19:57:16,088 INFO sqlalchemy.engine.Engine BEGIN (implicit)
2026-01-09 19:57:16,090 INFO sqlalchemy.engine.Engine SELECT consignments.id, consignments.account_no, consignments.name, consignments.addressline1, consignments.addressline2, consignments.addressline3, consignments.addressline4, consignments.weight, consignments.consignment_number, consignments.delivery_depot 
FROM consignments 
WHERE consignments.id = ?
2026-01-09 19:57:16,090 INFO sqlalchemy.engine.Engine [generated in 0.00027s] (18,)
2026-01-09 19:57:16,093 INFO sqlalchemy.engine.Engine ROLLBACK
INFO:     127.0.0.1:57532 - "PATCH /api/consignment/16 HTTP/1.1" 200 OK
WARNING:  StatReload detected changes in 'app\main.py'. Reloading...
 INFO:     Shutting down
INFO:     Waiting for application shutdown.
INFO:     Application shutdown complete.
INFO:     Finished server process [8816]
INFO:     Started server process [28748]
INFO:     Waiting for application startup.
2026-01-09 19:58:19,767 INFO sqlalchemy.engine.Engine BEGIN (implicit)
2026-01-09 19:58:19,767 INFO sqlalchemy.engine.Engine PRAGMA main.table_info("consignments")
2026-01-09 19:58:19,767 INFO sqlalchemy.engine.Engine [raw sql] ()
2026-01-09 19:58:19,767 INFO sqlalchemy.engine.Engine COMMIT
INFO:     Application startup complete.
WARNING:  StatReload detected changes in 'app\main.py'. Reloading...
 INFO:     Shutting down
INFO:     Waiting for application shutdown.
INFO:     Application shutdown complete.
INFO:     Finished server process [28748]
INFO:     Started server process [22932]
INFO:     Waiting for application startup.
2026-01-09 19:58:21,588 INFO sqlalchemy.engine.Engine BEGIN (implicit)
2026-01-09 19:58:21,589 INFO sqlalchemy.engine.Engine PRAGMA main.table_info("consignments")
2026-01-09 19:58:21,589 INFO sqlalchemy.engine.Engine [raw sql] ()
2026-01-09 19:58:21,589 INFO sqlalchemy.engine.Engine COMMIT
INFO:     Application startup complete.
WARNING:  StatReload detected changes in 'app\main.py'. Reloading...
 INFO:     Shutting down
INFO:     Waiting for application shutdown.
INFO:     Application shutdown complete.
INFO:     Finished server process [22932]
Process SpawnProcess-19:
Traceback (most recent call last):
  File "C:\Program Files\WindowsApps\PythonSoftwareFoundation.Python.3.13_3.13.2544.0_x64__qbz5n2kfra8p0\Lib\multiprocessing\process.py", line 313, in _bootstrap
    self.run()
    ~~~~~~~~^^
  File "C:\Program Files\WindowsApps\PythonSoftwareFoundation.Python.3.13_3.13.2544.0_x64__qbz5n2kfra8p0\Lib\multiprocessing\process.py", line 108, in run
    self._target(*self._args, **self._kwargs)
    ~~~~~~~~~~~~^^^^^^^^^^^^^^^^^^^^^^^^^^^^^
  File "C:\Users\johns\AppData\Local\Packages\PythonSoftwareFoundation.Python.3.13_qbz5n2kfra8p0\LocalCache\local-packages\Python313\site-packages\uvicorn\_subprocess.py", line 80, in subprocess_started
    target(sockets=sockets)
    ~~~~~~^^^^^^^^^^^^^^^^^
  File "C:\Users\johns\AppData\Local\Packages\PythonSoftwareFoundation.Python.3.13_qbz5n2kfra8p0\LocalCache\local-packages\Python313\site-packages\uvicorn\server.py", line 67, in run
    return asyncio_run(self.serve(sockets=sockets), loop_factory=self.config.get_loop_factory())
  File "C:\Program Files\WindowsApps\PythonSoftwareFoundation.Python.3.13_3.13.2544.0_x64__qbz5n2kfra8p0\Lib\asyncio\runners.py", line 195, in run
    return runner.run(main)
           ~~~~~~~~~~^^^^^^
  File "C:\Program Files\WindowsApps\PythonSoftwareFoundation.Python.3.13_3.13.2544.0_x64__qbz5n2kfra8p0\Lib\asyncio\runners.py", line 118, in run
    return self._loop.run_until_complete(task)
           ~~~~~~~~~~~~~~~~~~~~~~~~~~~~~^^^^^^
  File "C:\Program Files\WindowsApps\PythonSoftwareFoundation.Python.3.13_3.13.2544.0_x64__qbz5n2kfra8p0\Lib\asyncio\base_events.py", line 725, in run_until_complete
    return future.result()
           ~~~~~~~~~~~~~^^
  File "C:\Users\johns\AppData\Local\Packages\PythonSoftwareFoundation.Python.3.13_qbz5n2kfra8p0\LocalCache\local-packages\Python313\site-packages\uvicorn\server.py", line 71, in serve
    await self._serve(sockets)
  File "C:\Users\johns\AppData\Local\Packages\PythonSoftwareFoundation.Python.3.13_qbz5n2kfra8p0\LocalCache\local-packages\Python313\site-packages\uvicorn\server.py", line 78, in _serve
    config.load()
    ~~~~~~~~~~~^^
  File "C:\Users\johns\AppData\Local\Packages\PythonSoftwareFoundation.Python.3.13_qbz5n2kfra8p0\LocalCache\local-packages\Python313\site-packages\uvicorn\config.py", line 438, in load
    self.loaded_app = import_from_string(self.app)
                      ~~~~~~~~~~~~~~~~~~^^^^^^^^^^
  File "C:\Users\johns\AppData\Local\Packages\PythonSoftwareFoundation.Python.3.13_qbz5n2kfra8p0\LocalCache\local-packages\Python313\site-packages\uvicorn\importer.py", line 19, in import_from_string
    module = importlib.import_module(module_str)
  File "C:\Program Files\WindowsApps\PythonSoftwareFoundation.Python.3.13_3.13.2544.0_x64__qbz5n2kfra8p0\Lib\importlib\__init__.py", line 88, in import_module
    return _bootstrap._gcd_import(name[level:], package, level)
           ~~~~~~~~~~~~~~~~~~~~~~^^^^^^^^^^^^^^^^^^^^^^^^^^^^^^
  File "<frozen importlib._bootstrap>", line 1387, in _gcd_import
  File "<frozen importlib._bootstrap>", line 1360, in _find_and_load
  File "<frozen importlib._bootstrap>", line 1331, in _find_and_load_unlocked
  File "<frozen importlib._bootstrap>", line 935, in _load_unlocked
  File "<frozen importlib._bootstrap_external>", line 1023, in exec_module
  File "<frozen importlib._bootstrap_external>", line 1161, in get_code
  File "<frozen importlib._bootstrap_external>", line 1091, in source_to_code
  File "<frozen importlib._bootstrap>", line 488, in _call_with_frames_removed
  File "C:\Users\johns\OneDrive - Atlantic TU\CICD3\DPDProject\ConsignmentsCICD\app\main.py", line 185
    
    ^
IndentationError: expected an indented block after function definition on line 184
WARNING:  StatReload detected changes in 'app\main.py'. Reloading...
 Process SpawnProcess-20:
Traceback (most recent call last):
  File "C:\Program Files\WindowsApps\PythonSoftwareFoundation.Python.3.13_3.13.2544.0_x64__qbz5n2kfra8p0\Lib\multiprocessing\process.py", line 313, in _bootstrap
    self.run()
    ~~~~~~~~^^
  File "C:\Program Files\WindowsApps\PythonSoftwareFoundation.Python.3.13_3.13.2544.0_x64__qbz5n2kfra8p0\Lib\multiprocessing\process.py", line 108, in run
    self._target(*self._args, **self._kwargs)
    ~~~~~~~~~~~~^^^^^^^^^^^^^^^^^^^^^^^^^^^^^
  File "C:\Users\johns\AppData\Local\Packages\PythonSoftwareFoundation.Python.3.13_qbz5n2kfra8p0\LocalCache\local-packages\Python313\site-packages\uvicorn\_subprocess.py", line 80, in subprocess_started
    target(sockets=sockets)
    ~~~~~~^^^^^^^^^^^^^^^^^
  File "C:\Users\johns\AppData\Local\Packages\PythonSoftwareFoundation.Python.3.13_qbz5n2kfra8p0\LocalCache\local-packages\Python313\site-packages\uvicorn\server.py", line 67, in run
    return asyncio_run(self.serve(sockets=sockets), loop_factory=self.config.get_loop_factory())
  File "C:\Program Files\WindowsApps\PythonSoftwareFoundation.Python.3.13_3.13.2544.0_x64__qbz5n2kfra8p0\Lib\asyncio\runners.py", line 195, in run
    return runner.run(main)
           ~~~~~~~~~~^^^^^^
  File "C:\Program Files\WindowsApps\PythonSoftwareFoundation.Python.3.13_3.13.2544.0_x64__qbz5n2kfra8p0\Lib\asyncio\runners.py", line 118, in run
    return self._loop.run_until_complete(task)
           ~~~~~~~~~~~~~~~~~~~~~~~~~~~~~^^^^^^
  File "C:\Program Files\WindowsApps\PythonSoftwareFoundation.Python.3.13_3.13.2544.0_x64__qbz5n2kfra8p0\Lib\asyncio\base_events.py", line 725, in run_until_complete
    return future.result()
           ~~~~~~~~~~~~~^^
  File "C:\Users\johns\AppData\Local\Packages\PythonSoftwareFoundation.Python.3.13_qbz5n2kfra8p0\LocalCache\local-packages\Python313\site-packages\uvicorn\server.py", line 71, in serve
    await self._serve(sockets)
  File "C:\Users\johns\AppData\Local\Packages\PythonSoftwareFoundation.Python.3.13_qbz5n2kfra8p0\LocalCache\local-packages\Python313\site-packages\uvicorn\server.py", line 78, in _serve
    config.load()
    ~~~~~~~~~~~^^
  File "C:\Users\johns\AppData\Local\Packages\PythonSoftwareFoundation.Python.3.13_qbz5n2kfra8p0\LocalCache\local-packages\Python313\site-packages\uvicorn\config.py", line 438, in load
    self.loaded_app = import_from_string(self.app)
                      ~~~~~~~~~~~~~~~~~~^^^^^^^^^^
  File "C:\Users\johns\AppData\Local\Packages\PythonSoftwareFoundation.Python.3.13_qbz5n2kfra8p0\LocalCache\local-packages\Python313\site-packages\uvicorn\importer.py", line 19, in import_from_string
    module = importlib.import_module(module_str)
  File "C:\Program Files\WindowsApps\PythonSoftwareFoundation.Python.3.13_3.13.2544.0_x64__qbz5n2kfra8p0\Lib\importlib\__init__.py", line 88, in import_module
    return _bootstrap._gcd_import(name[level:], package, level)
           ~~~~~~~~~~~~~~~~~~~~~~^^^^^^^^^^^^^^^^^^^^^^^^^^^^^^
  File "<frozen importlib._bootstrap>", line 1387, in _gcd_import
  File "<frozen importlib._bootstrap>", line 1360, in _find_and_load
  File "<frozen importlib._bootstrap>", line 1331, in _find_and_load_unlocked
  File "<frozen importlib._bootstrap>", line 935, in _load_unlocked
  File "<frozen importlib._bootstrap_external>", line 1023, in exec_module
  File "<frozen importlib._bootstrap_external>", line 1161, in get_code
  File "<frozen importlib._bootstrap_external>", line 1091, in source_to_code
  File "<frozen importlib._bootstrap>", line 488, in _call_with_frames_removed
  File "C:\Users\johns\OneDrive - Atlantic TU\CICD3\DPDProject\ConsignmentsCICD\app\main.py", line 185
    
    ^
IndentationError: expected an indented block after function definition on line 184
WARNING:  StatReload detected changes in 'app\main.py'. Reloading...
 Process SpawnProcess-21:
Traceback (most recent call last):
  File "C:\Program Files\WindowsApps\PythonSoftwareFoundation.Python.3.13_3.13.2544.0_x64__qbz5n2kfra8p0\Lib\multiprocessing\process.py", line 313, in _bootstrap
    self.run()
    ~~~~~~~~^^
  File "C:\Program Files\WindowsApps\PythonSoftwareFoundation.Python.3.13_3.13.2544.0_x64__qbz5n2kfra8p0\Lib\multiprocessing\process.py", line 108, in run
    self._target(*self._args, **self._kwargs)
    ~~~~~~~~~~~~^^^^^^^^^^^^^^^^^^^^^^^^^^^^^
  File "C:\Users\johns\AppData\Local\Packages\PythonSoftwareFoundation.Python.3.13_qbz5n2kfra8p0\LocalCache\local-packages\Python313\site-packages\uvicorn\_subprocess.py", line 80, in subprocess_started
    target(sockets=sockets)
    ~~~~~~^^^^^^^^^^^^^^^^^
  File "C:\Users\johns\AppData\Local\Packages\PythonSoftwareFoundation.Python.3.13_qbz5n2kfra8p0\LocalCache\local-packages\Python313\site-packages\uvicorn\server.py", line 67, in run
    return asyncio_run(self.serve(sockets=sockets), loop_factory=self.config.get_loop_factory())
  File "C:\Program Files\WindowsApps\PythonSoftwareFoundation.Python.3.13_3.13.2544.0_x64__qbz5n2kfra8p0\Lib\asyncio\runners.py", line 195, in run
    return runner.run(main)
           ~~~~~~~~~~^^^^^^
  File "C:\Program Files\WindowsApps\PythonSoftwareFoundation.Python.3.13_3.13.2544.0_x64__qbz5n2kfra8p0\Lib\asyncio\runners.py", line 118, in run
    return self._loop.run_until_complete(task)
           ~~~~~~~~~~~~~~~~~~~~~~~~~~~~~^^^^^^
  File "C:\Program Files\WindowsApps\PythonSoftwareFoundation.Python.3.13_3.13.2544.0_x64__qbz5n2kfra8p0\Lib\asyncio\base_events.py", line 725, in run_until_complete
    return future.result()
           ~~~~~~~~~~~~~^^
  File "C:\Users\johns\AppData\Local\Packages\PythonSoftwareFoundation.Python.3.13_qbz5n2kfra8p0\LocalCache\local-packages\Python313\site-packages\uvicorn\server.py", line 71, in serve
    await self._serve(sockets)
  File "C:\Users\johns\AppData\Local\Packages\PythonSoftwareFoundation.Python.3.13_qbz5n2kfra8p0\LocalCache\local-packages\Python313\site-packages\uvicorn\server.py", line 78, in _serve
    config.load()
    ~~~~~~~~~~~^^
  File "C:\Users\johns\AppData\Local\Packages\PythonSoftwareFoundation.Python.3.13_qbz5n2kfra8p0\LocalCache\local-packages\Python313\site-packages\uvicorn\config.py", line 438, in load
    self.loaded_app = import_from_string(self.app)
                      ~~~~~~~~~~~~~~~~~~^^^^^^^^^^
  File "C:\Users\johns\AppData\Local\Packages\PythonSoftwareFoundation.Python.3.13_qbz5n2kfra8p0\LocalCache\local-packages\Python313\site-packages\uvicorn\importer.py", line 19, in import_from_string
    module = importlib.import_module(module_str)
  File "C:\Program Files\WindowsApps\PythonSoftwareFoundation.Python.3.13_3.13.2544.0_x64__qbz5n2kfra8p0\Lib\importlib\__init__.py", line 88, in import_module
    return _bootstrap._gcd_import(name[level:], package, level)
           ~~~~~~~~~~~~~~~~~~~~~~^^^^^^^^^^^^^^^^^^^^^^^^^^^^^^
  File "<frozen importlib._bootstrap>", line 1387, in _gcd_import
  File "<frozen importlib._bootstrap>", line 1360, in _find_and_load
  File "<frozen importlib._bootstrap>", line 1331, in _find_and_load_unlocked
  File "<frozen importlib._bootstrap>", line 935, in _load_unlocked
  File "<frozen importlib._bootstrap_external>", line 1023, in exec_module
  File "<frozen importlib._bootstrap_external>", line 1161, in get_code
  File "<frozen importlib._bootstrap_external>", line 1091, in source_to_code
  File "<frozen importlib._bootstrap>", line 488, in _call_with_frames_removed
  File "C:\Users\johns\OneDrive - Atlantic TU\CICD3\DPDProject\ConsignmentsCICD\app\main.py", line 186
    
    ^
IndentationError: expected an indented block after function definition on line 184
WARNING:  StatReload detected changes in 'app\main.py'. Reloading...
 INFO:     Started server process [1156]
INFO:     Waiting for application startup.
2026-01-09 19:59:00,603 INFO sqlalchemy.engine.Engine BEGIN (implicit)
2026-01-09 19:59:00,603 INFO sqlalchemy.engine.Engine PRAGMA main.table_info("consignments")
2026-01-09 19:59:00,603 INFO sqlalchemy.engine.Engine [raw sql] ()
2026-01-09 19:59:00,604 INFO sqlalchemy.engine.Engine COMMIT
INFO:     Application startup complete.
WARNING:  StatReload detected changes in 'app\main.py'. Reloading...
 INFO:     Shutting down
INFO:     Waiting for application shutdown.
INFO:     Application shutdown complete.
INFO:     Finished server process [1156]
INFO:     Started server process [32480]
INFO:     Waiting for application startup.
2026-01-09 19:59:19,013 INFO sqlalchemy.engine.Engine BEGIN (implicit)
2026-01-09 19:59:19,014 INFO sqlalchemy.engine.Engine PRAGMA main.table_info("consignments")
2026-01-09 19:59:19,014 INFO sqlalchemy.engine.Engine [raw sql] ()
2026-01-09 19:59:19,014 INFO sqlalchemy.engine.Engine COMMIT
INFO:     Application startup complete.
WARNING:  StatReload detected changes in 'app\main.py'. Reloading...
 INFO:     Shutting down
INFO:     Waiting for application shutdown.
INFO:     Application shutdown complete.
INFO:     Finished server process [32480]
INFO:     Started server process [33144]
INFO:     Waiting for application startup.
2026-01-09 19:59:22,477 INFO sqlalchemy.engine.Engine BEGIN (implicit)
2026-01-09 19:59:22,477 INFO sqlalchemy.engine.Engine PRAGMA main.table_info("consignments")
2026-01-09 19:59:22,477 INFO sqlalchemy.engine.Engine [raw sql] ()
2026-01-09 19:59:22,478 INFO sqlalchemy.engine.Engine COMMIT
INFO:     Application startup complete.
WARNING:  StatReload detected changes in 'app\main.py'. Reloading...
 INFO:     Shutting down
INFO:     Waiting for application shutdown.
INFO:     Application shutdown complete.
INFO:     Finished server process [33144]
INFO:     Started server process [23236]
INFO:     Waiting for application startup.
2026-01-09 19:59:26,972 INFO sqlalchemy.engine.Engine BEGIN (implicit)
2026-01-09 19:59:26,973 INFO sqlalchemy.engine.Engine PRAGMA main.table_info("consignments")
2026-01-09 19:59:26,973 INFO sqlalchemy.engine.Engine [raw sql] ()
2026-01-09 19:59:26,973 INFO sqlalchemy.engine.Engine COMMIT
INFO:     Application startup complete.
WARNING:  StatReload detected changes in 'app\main.py'. Reloading...
 INFO:     Shutting down
INFO:     Waiting for application shutdown.
INFO:     Application shutdown complete.
INFO:     Finished server process [23236]
INFO:     Started server process [21444]
INFO:     Waiting for application startup.
2026-01-09 19:59:28,168 INFO sqlalchemy.engine.Engine BEGIN (implicit)
2026-01-09 19:59:28,168 INFO sqlalchemy.engine.Engine PRAGMA main.table_info("consignments")
2026-01-09 19:59:28,168 INFO sqlalchemy.engine.Engine [raw sql] ()
2026-01-09 19:59:28,168 INFO sqlalchemy.engine.Engine COMMIT
INFO:     Application startup complete.
WARNING:  StatReload detected changes in 'app\main.py'. Reloading...
 INFO:     Shutting down
INFO:     Waiting for application shutdown.
INFO:     Application shutdown complete.
INFO:     Finished server process [21444]
INFO:     Started server process [26984]
INFO:     Waiting for application startup.
2026-01-09 19:59:32,816 INFO sqlalchemy.engine.Engine BEGIN (implicit)
2026-01-09 19:59:32,816 INFO sqlalchemy.engine.Engine PRAGMA main.table_info("consignments")
2026-01-09 19:59:32,816 INFO sqlalchemy.engine.Engine [raw sql] ()
2026-01-09 19:59:32,816 INFO sqlalchemy.engine.Engine COMMIT
INFO:     Application startup complete.
WARNING:  StatReload detected changes in 'app\main.py'. Reloading...
 INFO:     Shutting down
INFO:     Waiting for application shutdown.
INFO:     Application shutdown complete.
INFO:     Finished server process [26984]
INFO:     Started server process [25132]
INFO:     Waiting for application startup.
2026-01-09 19:59:35,984 INFO sqlalchemy.engine.Engine BEGIN (implicit)
2026-01-09 19:59:35,984 INFO sqlalchemy.engine.Engine PRAGMA main.table_info("consignments")
2026-01-09 19:59:35,984 INFO sqlalchemy.engine.Engine [raw sql] ()
2026-01-09 19:59:35,984 INFO sqlalchemy.engine.Engine COMMIT
INFO:     Application startup complete.
WARNING:  StatReload detected changes in 'app\main.py'. Reloading...
 INFO:     Shutting down
INFO:     Waiting for application shutdown.
INFO:     Application shutdown complete.
INFO:     Finished server process [25132]
INFO:     Started server process [592]
INFO:     Waiting for application startup.
2026-01-09 20:02:24,624 INFO sqlalchemy.engine.Engine BEGIN (implicit)
2026-01-09 20:02:24,624 INFO sqlalchemy.engine.Engine PRAGMA main.table_info("consignments")
2026-01-09 20:02:24,624 INFO sqlalchemy.engine.Engine [raw sql] ()
2026-01-09 20:02:24,625 INFO sqlalchemy.engine.Engine COMMIT
INFO:     Application startup complete.
WARNING:  StatReload detected changes in 'app\main.py'. Reloading...
 INFO:     Shutting down
INFO:     Waiting for application shutdown.
INFO:     Application shutdown complete.
INFO:     Finished server process [592]
INFO:     Started server process [13828]
INFO:     Waiting for application startup.
2026-01-09 20:02:26,847 INFO sqlalchemy.engine.Engine BEGIN (implicit)
2026-01-09 20:02:26,847 INFO sqlalchemy.engine.Engine PRAGMA main.table_info("consignments")
2026-01-09 20:02:26,847 INFO sqlalchemy.engine.Engine [raw sql] ()
2026-01-09 20:02:26,848 INFO sqlalchemy.engine.Engine COMMIT
INFO:     Application startup complete.
WARNING:  StatReload detected changes in 'app\main.py'. Reloading...
 INFO:     Shutting down
INFO:     Waiting for application shutdown.
INFO:     Application shutdown complete.
INFO:     Finished server process [13828]
WARNING:  StatReload detected changes in 'app\main.py'. Reloading...
 INFO:     Started server process [31736]
INFO:     Waiting for application startup.
2026-01-09 20:02:30,889 INFO sqlalchemy.engine.Engine BEGIN (implicit)
2026-01-09 20:02:30,890 INFO sqlalchemy.engine.Engine PRAGMA main.table_info("consignments")
2026-01-09 20:02:30,890 INFO sqlalchemy.engine.Engine [raw sql] ()
2026-01-09 20:02:30,890 INFO sqlalchemy.engine.Engine COMMIT
INFO:     Application startup complete.
ERROR:    Traceback (most recent call last):
  File "C:\Program Files\WindowsApps\PythonSoftwareFoundation.Python.3.13_3.13.2544.0_x64__qbz5n2kfra8p0\Lib\asyncio\runners.py", line 118, in run
    return self._loop.run_until_complete(task)
           ~~~~~~~~~~~~~~~~~~~~~~~~~~~~~^^^^^^
  File "C:\Program Files\WindowsApps\PythonSoftwareFoundation.Python.3.13_3.13.2544.0_x64__qbz5n2kfra8p0\Lib\asyncio\base_events.py", line 725, in run_until_complete
    return future.result()
           ~~~~~~~~~~~~~^^
asyncio.exceptions.CancelledError

During handling of the above exception, another exception occurred:

Traceback (most recent call last):
  File "C:\Program Files\WindowsApps\PythonSoftwareFoundation.Python.3.13_3.13.2544.0_x64__qbz5n2kfra8p0\Lib\asyncio\runners.py", line 195, in run
    return runner.run(main)
           ~~~~~~~~~~^^^^^^
  File "C:\Program Files\WindowsApps\PythonSoftwareFoundation.Python.3.13_3.13.2544.0_x64__qbz5n2kfra8p0\Lib\asyncio\runners.py", line 123, in run
    raise KeyboardInterrupt()
KeyboardInterrupt

During handling of the above exception, another exception occurred:

Traceback (most recent call last):
  File "C:\Users\johns\AppData\Local\Packages\PythonSoftwareFoundation.Python.3.13_qbz5n2kfra8p0\LocalCache\local-packages\Python313\site-packages\starlette\routing.py", line 701, in lifespan
    await receive()
  File "C:\Users\johns\AppData\Local\Packages\PythonSoftwareFoundation.Python.3.13_qbz5n2kfra8p0\LocalCache\local-packages\Python313\site-packages\uvicorn\lifespan\on.py", line 137, in receive
    return await self.receive_queue.get()
           ^^^^^^^^^^^^^^^^^^^^^^^^^^^^^^
  File "C:\Program Files\WindowsApps\PythonSoftwareFoundation.Python.3.13_3.13.2544.0_x64__qbz5n2kfra8p0\Lib\asyncio\queues.py", line 186, in get
    await getter
asyncio.exceptions.CancelledError

INFO:     Started server process [17976]
INFO:     Waiting for application startup.
2026-01-09 20:02:32,019 INFO sqlalchemy.engine.Engine BEGIN (implicit)
2026-01-09 20:02:32,019 INFO sqlalchemy.engine.Engine PRAGMA main.table_info("consignments")
2026-01-09 20:02:32,019 INFO sqlalchemy.engine.Engine [raw sql] ()
2026-01-09 20:02:32,020 INFO sqlalchemy.engine.Engine COMMIT
INFO:     Application startup complete.
WARNING:  StatReload detected changes in 'app\main.py'. Reloading...
 INFO:     Shutting down
INFO:     Waiting for application shutdown.
INFO:     Application shutdown complete.
INFO:     Finished server process [17976]
INFO:     Started server process [33308]
INFO:     Waiting for application startup.
2026-01-09 20:02:35,353 INFO sqlalchemy.engine.Engine BEGIN (implicit)
2026-01-09 20:02:35,353 INFO sqlalchemy.engine.Engine PRAGMA main.table_info("consignments")
2026-01-09 20:02:35,353 INFO sqlalchemy.engine.Engine [raw sql] ()
2026-01-09 20:02:35,354 INFO sqlalchemy.engine.Engine COMMIT
INFO:     Application startup complete.
WARNING:  StatReload detected changes in 'app\main.py'. Reloading...
 INFO:     Shutting down
INFO:     Waiting for application shutdown.
INFO:     Application shutdown complete.
INFO:     Finished server process [33308]
INFO:     Started server process [576]
INFO:     Waiting for application startup.
2026-01-09 20:02:49,600 INFO sqlalchemy.engine.Engine BEGIN (implicit)
2026-01-09 20:02:49,600 INFO sqlalchemy.engine.Engine PRAGMA main.table_info("consignments")
2026-01-09 20:02:49,600 INFO sqlalchemy.engine.Engine [raw sql] ()
2026-01-09 20:02:49,601 INFO sqlalchemy.engine.Engine COMMIT
INFO:     Application startup complete.
WARNING:  StatReload detected changes in 'app\main.py'. Reloading...
 INFO:     Shutting down
INFO:     Waiting for application shutdown.
INFO:     Application shutdown complete.
INFO:     Finished server process [576]
INFO:     Started server process [7912]
INFO:     Waiting for application startup.
2026-01-09 20:02:51,529 INFO sqlalchemy.engine.Engine BEGIN (implicit)
2026-01-09 20:02:51,529 INFO sqlalchemy.engine.Engine PRAGMA main.table_info("consignments")
2026-01-09 20:02:51,529 INFO sqlalchemy.engine.Engine [raw sql] ()
2026-01-09 20:02:51,529 INFO sqlalchemy.engine.Engine COMMIT
INFO:     Application startup complete.
WARNING:  StatReload detected changes in 'app\main.py'. Reloading...
 INFO:     Shutting down
INFO:     Waiting for application shutdown.
INFO:     Application shutdown complete.
INFO:     Finished server process [7912]
INFO:     Started server process [24880]
INFO:     Waiting for application startup.
2026-01-09 20:02:54,143 INFO sqlalchemy.engine.Engine BEGIN (implicit)
2026-01-09 20:02:54,143 INFO sqlalchemy.engine.Engine PRAGMA main.table_info("consignments")
2026-01-09 20:02:54,144 INFO sqlalchemy.engine.Engine [raw sql] ()
2026-01-09 20:02:54,144 INFO sqlalchemy.engine.Engine COMMIT
INFO:     Application startup complete.
WARNING:  StatReload detected changes in 'app\main.py'. Reloading...
 INFO:     Shutting down
INFO:     Waiting for application shutdown.
INFO:     Application shutdown complete.
INFO:     Finished server process [24880]
Process SpawnProcess-37:
Traceback (most recent call last):
  File "C:\Program Files\WindowsApps\PythonSoftwareFoundation.Python.3.13_3.13.2544.0_x64__qbz5n2kfra8p0\Lib\multiprocessing\process.py", line 313, in _bootstrap
    self.run()
    ~~~~~~~~^^
  File "C:\Program Files\WindowsApps\PythonSoftwareFoundation.Python.3.13_3.13.2544.0_x64__qbz5n2kfra8p0\Lib\multiprocessing\process.py", line 108, in run
    self._target(*self._args, **self._kwargs)
    ~~~~~~~~~~~~^^^^^^^^^^^^^^^^^^^^^^^^^^^^^
  File "C:\Users\johns\AppData\Local\Packages\PythonSoftwareFoundation.Python.3.13_qbz5n2kfra8p0\LocalCache\local-packages\Python313\site-packages\uvicorn\_subprocess.py", line 80, in subprocess_started
    target(sockets=sockets)
    ~~~~~~^^^^^^^^^^^^^^^^^
  File "C:\Users\johns\AppData\Local\Packages\PythonSoftwareFoundation.Python.3.13_qbz5n2kfra8p0\LocalCache\local-packages\Python313\site-packages\uvicorn\server.py", line 67, in run
    return asyncio_run(self.serve(sockets=sockets), loop_factory=self.config.get_loop_factory())
  File "C:\Program Files\WindowsApps\PythonSoftwareFoundation.Python.3.13_3.13.2544.0_x64__qbz5n2kfra8p0\Lib\asyncio\runners.py", line 195, in run
    return runner.run(main)
           ~~~~~~~~~~^^^^^^
  File "C:\Program Files\WindowsApps\PythonSoftwareFoundation.Python.3.13_3.13.2544.0_x64__qbz5n2kfra8p0\Lib\asyncio\runners.py", line 118, in run
    return self._loop.run_until_complete(task)
           ~~~~~~~~~~~~~~~~~~~~~~~~~~~~~^^^^^^
  File "C:\Program Files\WindowsApps\PythonSoftwareFoundation.Python.3.13_3.13.2544.0_x64__qbz5n2kfra8p0\Lib\asyncio\base_events.py", line 725, in run_until_complete
    return future.result()
           ~~~~~~~~~~~~~^^
  File "C:\Users\johns\AppData\Local\Packages\PythonSoftwareFoundation.Python.3.13_qbz5n2kfra8p0\LocalCache\local-packages\Python313\site-packages\uvicorn\server.py", line 71, in serve
    await self._serve(sockets)
  File "C:\Users\johns\AppData\Local\Packages\PythonSoftwareFoundation.Python.3.13_qbz5n2kfra8p0\LocalCache\local-packages\Python313\site-packages\uvicorn\server.py", line 78, in _serve
    config.load()
    ~~~~~~~~~~~^^
  File "C:\Users\johns\AppData\Local\Packages\PythonSoftwareFoundation.Python.3.13_qbz5n2kfra8p0\LocalCache\local-packages\Python313\site-packages\uvicorn\config.py", line 438, in load
    self.loaded_app = import_from_string(self.app)
                      ~~~~~~~~~~~~~~~~~~^^^^^^^^^^
  File "C:\Users\johns\AppData\Local\Packages\PythonSoftwareFoundation.Python.3.13_qbz5n2kfra8p0\LocalCache\local-packages\Python313\site-packages\uvicorn\importer.py", line 19, in import_from_string
    module = importlib.import_module(module_str)
  File "C:\Program Files\WindowsApps\PythonSoftwareFoundation.Python.3.13_3.13.2544.0_x64__qbz5n2kfra8p0\Lib\importlib\__init__.py", line 88, in import_module
    return _bootstrap._gcd_import(name[level:], package, level)
           ~~~~~~~~~~~~~~~~~~~~~~^^^^^^^^^^^^^^^^^^^^^^^^^^^^^^
  File "<frozen importlib._bootstrap>", line 1387, in _gcd_import
  File "<frozen importlib._bootstrap>", line 1360, in _find_and_load
  File "<frozen importlib._bootstrap>", line 1331, in _find_and_load_unlocked
  File "<frozen importlib._bootstrap>", line 935, in _load_unlocked
  File "<frozen importlib._bootstrap_external>", line 1023, in exec_module
  File "<frozen importlib._bootstrap_external>", line 1161, in get_code
  File "<frozen importlib._bootstrap_external>", line 1091, in source_to_code
  File "<frozen importlib._bootstrap>", line 488, in _call_with_frames_removed
  File "C:\Users\johns\OneDrive - Atlantic TU\CICD3\DPDProject\ConsignmentsCICD\app\main.py", line 196
    raise HTTPException(s
                        ^
SyntaxError: invalid syntax. Perhaps you forgot a comma?
WARNING:  StatReload detected changes in 'app\main.py'. Reloading...
 INFO:     Started server process [8560]
INFO:     Waiting for application startup.
2026-01-09 20:03:00,593 INFO sqlalchemy.engine.Engine BEGIN (implicit)
2026-01-09 20:03:00,593 INFO sqlalchemy.engine.Engine PRAGMA main.table_info("consignments")
2026-01-09 20:03:00,593 INFO sqlalchemy.engine.Engine [raw sql] ()
2026-01-09 20:03:00,594 INFO sqlalchemy.engine.Engine COMMIT
INFO:     Application startup complete.
WARNING:  StatReload detected changes in 'app\main.py'. Reloading...
 INFO:     Shutting down
INFO:     Waiting for application shutdown.
INFO:     Application shutdown complete.
INFO:     Finished server process [8560]
INFO:     Started server process [32748]
INFO:     Waiting for application startup.
2026-01-09 20:03:02,213 INFO sqlalchemy.engine.Engine BEGIN (implicit)
2026-01-09 20:03:02,213 INFO sqlalchemy.engine.Engine PRAGMA main.table_info("consignments")
2026-01-09 20:03:02,213 INFO sqlalchemy.engine.Engine [raw sql] ()
2026-01-09 20:03:02,213 INFO sqlalchemy.engine.Engine COMMIT
INFO:     Application startup complete.
WARNING:  StatReload detected changes in 'app\main.py'. Reloading...
 INFO:     Shutting down
INFO:     Waiting for application shutdown.
INFO:     Application shutdown complete.
INFO:     Finished server process [32748]
INFO:     Started server process [28248]
INFO:     Waiting for application startup.
2026-01-09 20:03:05,110 INFO sqlalchemy.engine.Engine BEGIN (implicit)
2026-01-09 20:03:05,111 INFO sqlalchemy.engine.Engine PRAGMA main.table_info("consignments")
2026-01-09 20:03:05,111 INFO sqlalchemy.engine.Engine [raw sql] ()
2026-01-09 20:03:05,111 INFO sqlalchemy.engine.Engine COMMIT
INFO:     Application startup complete.
WARNING:  StatReload detected changes in 'app\main.py'. Reloading...
 INFO:     Shutting down
INFO:     Waiting for application shutdown.
INFO:     Application shutdown complete.
INFO:     Finished server process [28248]
INFO:     Started server process [32824]
INFO:     Waiting for application startup.
2026-01-09 20:03:08,580 INFO sqlalchemy.engine.Engine BEGIN (implicit)
2026-01-09 20:03:08,580 INFO sqlalchemy.engine.Engine PRAGMA main.table_info("consignments")
2026-01-09 20:03:08,580 INFO sqlalchemy.engine.Engine [raw sql] ()
2026-01-09 20:03:08,580 INFO sqlalchemy.engine.Engine COMMIT
INFO:     Application startup complete.
WARNING:  StatReload detected changes in 'app\main.py'. Reloading...
 INFO:     Shutting down
INFO:     Waiting for application shutdown.
INFO:     Application shutdown complete.
INFO:     Finished server process [32824]
INFO:     Started server process [32268]
INFO:     Waiting for application startup.
2026-01-09 20:03:11,078 INFO sqlalchemy.engine.Engine BEGIN (implicit)
2026-01-09 20:03:11,078 INFO sqlalchemy.engine.Engine PRAGMA main.table_info("consignments")
2026-01-09 20:03:11,078 INFO sqlalchemy.engine.Engine [raw sql] ()
2026-01-09 20:03:11,079 INFO sqlalchemy.engine.Engine COMMIT
INFO:     Application startup complete.
WARNING:  StatReload detected changes in 'app\main.py'. Reloading...
 INFO:     Shutting down
INFO:     Waiting for application shutdown.
INFO:     Application shutdown complete.
INFO:     Finished server process [32268]
INFO:     Started server process [8276]
INFO:     Waiting for application startup.
2026-01-09 20:03:21,037 INFO sqlalchemy.engine.Engine BEGIN (implicit)
2026-01-09 20:03:21,037 INFO sqlalchemy.engine.Engine PRAGMA main.table_info("consignments")
2026-01-09 20:03:21,037 INFO sqlalchemy.engine.Engine [raw sql] ()
2026-01-09 20:03:21,037 INFO sqlalchemy.engine.Engine COMMIT
INFO:     Application startup complete.
WARNING:  StatReload detected changes in 'app\main.py'. Reloading...
 INFO:     Shutting down
INFO:     Waiting for application shutdown.
INFO:     Application shutdown complete.
INFO:     Finished server process [8276]
INFO:     Started server process [23000]
INFO:     Waiting for application startup.
2026-01-09 20:03:24,045 INFO sqlalchemy.engine.Engine BEGIN (implicit)
2026-01-09 20:03:24,045 INFO sqlalchemy.engine.Engine PRAGMA main.table_info("consignments")
2026-01-09 20:03:24,045 INFO sqlalchemy.engine.Engine [raw sql] ()
2026-01-09 20:03:24,045 INFO sqlalchemy.engine.Engine COMMIT
INFO:     Application startup complete.
WARNING:  StatReload detected changes in 'app\main.py'. Reloading...
 INFO:     Shutting down
INFO:     Waiting for application shutdown.
INFO:     Application shutdown complete.
INFO:     Finished server process [23000]
INFO:     Started server process [23412]
INFO:     Waiting for application startup.
2026-01-09 20:03:34,419 INFO sqlalchemy.engine.Engine BEGIN (implicit)
2026-01-09 20:03:34,419 INFO sqlalchemy.engine.Engine PRAGMA main.table_info("consignments")
2026-01-09 20:03:34,419 INFO sqlalchemy.engine.Engine [raw sql] ()
2026-01-09 20:03:34,419 INFO sqlalchemy.engine.Engine COMMIT
INFO:     Application startup complete.
WARNING:  StatReload detected changes in 'app\main.py'. Reloading...
 INFO:     Shutting down
INFO:     Waiting for application shutdown.
INFO:     Application shutdown complete.
INFO:     Finished server process [23412]
INFO:     Started server process [3728]
INFO:     Waiting for application startup.
2026-01-09 20:03:36,429 INFO sqlalchemy.engine.Engine BEGIN (implicit)
2026-01-09 20:03:36,429 INFO sqlalchemy.engine.Engine PRAGMA main.table_info("consignments")
2026-01-09 20:03:36,429 INFO sqlalchemy.engine.Engine [raw sql] ()
2026-01-09 20:03:36,429 INFO sqlalchemy.engine.Engine COMMIT
INFO:     Application startup complete.
WARNING:  StatReload detected changes in 'app\main.py'. Reloading...
 INFO:     Shutting down
INFO:     Waiting for application shutdown.
INFO:     Application shutdown complete.
INFO:     Finished server process [3728]
INFO:     Started server process [33500]
INFO:     Waiting for application startup.
2026-01-09 20:03:40,040 INFO sqlalchemy.engine.Engine BEGIN (implicit)
2026-01-09 20:03:40,041 INFO sqlalchemy.engine.Engine PRAGMA main.table_info("consignments")
2026-01-09 20:03:40,041 INFO sqlalchemy.engine.Engine [raw sql] ()
2026-01-09 20:03:40,041 INFO sqlalchemy.engine.Engine COMMIT
INFO:     Application startup complete.
INFO:     127.0.0.1:56497 - "DELETE /api/consignment/15 HTTP/1.1" 403 Forbidden
2026-01-09 20:04:31,175 INFO sqlalchemy.engine.Engine BEGIN (implicit)
2026-01-09 20:04:31,177 INFO sqlalchemy.engine.Engine SELECT consignments.id, consignments.account_no, consignments.name, consignments.addressline1, consignments.addressline2, consignments.addressline3, consignments.addressline4, consignments.weight, consignments.consignment_number, consignments.delivery_depot 
FROM consignments 
WHERE consignments.consignment_number = ?
2026-01-09 20:04:31,177 INFO sqlalchemy.engine.Engine [generated in 0.00012s] (15,)
2026-01-09 20:04:31,178 INFO sqlalchemy.engine.Engine DELETE FROM consignments WHERE consignments.id = ?
2026-01-09 20:04:31,178 INFO sqlalchemy.engine.Engine [generated in 0.00010s] (17,)
2026-01-09 20:04:31,180 INFO sqlalchemy.engine.Engine COMMIT
INFO:     127.0.0.1:54807 - "DELETE /api/consignment/15 HTTP/1.1" 204 No Content
WARNING:  StatReload detected changes in 'app\main.py'. Reloading...
 INFO:     Shutting down
INFO:     Waiting for application shutdown.
INFO:     Application shutdown complete.
INFO:     Finished server process [33500]
INFO:     Started server process [33132]
INFO:     Waiting for application startup.
2026-01-09 20:05:35,576 INFO sqlalchemy.engine.Engine BEGIN (implicit)
2026-01-09 20:05:35,576 INFO sqlalchemy.engine.Engine PRAGMA main.table_info("consignments")
2026-01-09 20:05:35,576 INFO sqlalchemy.engine.Engine [raw sql] ()
2026-01-09 20:05:35,576 INFO sqlalchemy.engine.Engine COMMIT
INFO:     Application startup complete.
WARNING:  StatReload detected changes in 'app\main.py'. Reloading...
 INFO:     Shutting down
INFO:     Waiting for application shutdown.
INFO:     Application shutdown complete.
INFO:     Finished server process [33132]
INFO:     Started server process [29012]
INFO:     Waiting for application startup.
2026-01-09 20:05:42,251 INFO sqlalchemy.engine.Engine BEGIN (implicit)
2026-01-09 20:05:42,251 INFO sqlalchemy.engine.Engine PRAGMA main.table_info("consignments")
2026-01-09 20:05:42,251 INFO sqlalchemy.engine.Engine [raw sql] ()
2026-01-09 20:05:42,252 INFO sqlalchemy.engine.Engine COMMIT
INFO:     Application startup complete.
WARNING:  StatReload detected changes in 'app\main.py'. Reloading...
 INFO:     Shutting down
INFO:     Waiting for application shutdown.
INFO:     Application shutdown complete.
INFO:     Finished server process [29012]
INFO:     Started server process [29440]
INFO:     Waiting for application startup.
2026-01-09 20:08:29,375 INFO sqlalchemy.engine.Engine BEGIN (implicit)
2026-01-09 20:08:29,376 INFO sqlalchemy.engine.Engine PRAGMA main.table_info("consignments")
2026-01-09 20:08:29,376 INFO sqlalchemy.engine.Engine [raw sql] ()
2026-01-09 20:08:29,376 INFO sqlalchemy.engine.Engine COMMIT
INFO:     Application startup complete.
WARNING:  StatReload detected changes in 'app\main.py'. Reloading...
 INFO:     Shutting down
INFO:     Waiting for application shutdown.
INFO:     Application shutdown complete.
INFO:     Finished server process [29440]
INFO:     Started server process [7808]
INFO:     Waiting for application startup.
2026-01-09 20:08:31,888 INFO sqlalchemy.engine.Engine BEGIN (implicit)
2026-01-09 20:08:31,889 INFO sqlalchemy.engine.Engine PRAGMA main.table_info("consignments")
2026-01-09 20:08:31,889 INFO sqlalchemy.engine.Engine [raw sql] ()
2026-01-09 20:08:31,889 INFO sqlalchemy.engine.Engine COMMIT
INFO:     Application startup complete.
WARNING:  StatReload detected changes in 'app\main.py'. Reloading...
 INFO:     Shutting down
INFO:     Waiting for application shutdown.
INFO:     Application shutdown complete.
INFO:     Finished server process [7808]
INFO:     Started server process [25912]
INFO:     Waiting for application startup.
2026-01-09 20:08:38,019 INFO sqlalchemy.engine.Engine BEGIN (implicit)
2026-01-09 20:08:38,019 INFO sqlalchemy.engine.Engine PRAGMA main.table_info("consignments")
2026-01-09 20:08:38,019 INFO sqlalchemy.engine.Engine [raw sql] ()
2026-01-09 20:08:38,020 INFO sqlalchemy.engine.Engine COMMIT
INFO:     Application startup complete.
WARNING:  StatReload detected changes in 'app\main.py'. Reloading...
 INFO:     Shutting down
INFO:     Waiting for application shutdown.
INFO:     Application shutdown complete.
INFO:     Finished server process [25912]
INFO:     Started server process [33132]
INFO:     Waiting for application startup.
2026-01-09 20:08:45,925 INFO sqlalchemy.engine.Engine BEGIN (implicit)
2026-01-09 20:08:45,925 INFO sqlalchemy.engine.Engine PRAGMA main.table_info("consignments")
2026-01-09 20:08:45,925 INFO sqlalchemy.engine.Engine [raw sql] ()
2026-01-09 20:08:45,925 INFO sqlalchemy.engine.Engine COMMIT
INFO:     Application startup complete.
WARNING:  StatReload detected changes in 'app\main.py'. Reloading...
 INFO:     Shutting down
INFO:     Waiting for application shutdown.
INFO:     Application shutdown complete.
INFO:     Finished server process [33132]
INFO:     Started server process [18932]
INFO:     Waiting for application startup.
2026-01-09 20:08:53,180 INFO sqlalchemy.engine.Engine BEGIN (implicit)
2026-01-09 20:08:53,180 INFO sqlalchemy.engine.Engine PRAGMA main.table_info("consignments")
2026-01-09 20:08:53,180 INFO sqlalchemy.engine.Engine [raw sql] ()
2026-01-09 20:08:53,180 INFO sqlalchemy.engine.Engine COMMIT
INFO:     Application startup complete.
WARNING:  StatReload detected changes in 'app\main.py'. Reloading...
 INFO:     Shutting down
INFO:     Waiting for application shutdown.
INFO:     Application shutdown complete.
INFO:     Finished server process [18932]
INFO:     Started server process [23412]
INFO:     Waiting for application startup.
2026-01-09 20:08:56,246 INFO sqlalchemy.engine.Engine BEGIN (implicit)
2026-01-09 20:08:56,246 INFO sqlalchemy.engine.Engine PRAGMA main.table_info("consignments")
2026-01-09 20:08:56,246 INFO sqlalchemy.engine.Engine [raw sql] ()
2026-01-09 20:08:56,246 INFO sqlalchemy.engine.Engine COMMIT
INFO:     Application startup complete.
WARNING:  StatReload detected changes in 'app\main.py'. Reloading...
 INFO:     Shutting down
INFO:     Waiting for application shutdown.
INFO:     Application shutdown complete.
INFO:     Finished server process [23412]
INFO:     Started server process [14032]
INFO:     Waiting for application startup.
2026-01-09 20:09:41,808 INFO sqlalchemy.engine.Engine BEGIN (implicit)
2026-01-09 20:09:41,808 INFO sqlalchemy.engine.Engine PRAGMA main.table_info("consignments")
2026-01-09 20:09:41,808 INFO sqlalchemy.engine.Engine [raw sql] ()
2026-01-09 20:09:41,809 INFO sqlalchemy.engine.Engine COMMIT
INFO:     Application startup complete.
WARNING:  StatReload detected changes in 'app\main.py'. Reloading...
 INFO:     Shutting down
INFO:     Waiting for application shutdown.
INFO:     Application shutdown complete.
INFO:     Finished server process [14032]
Process SpawnProcess-57:
Traceback (most recent call last):
  File "C:\Program Files\WindowsApps\PythonSoftwareFoundation.Python.3.13_3.13.2544.0_x64__qbz5n2kfra8p0\Lib\multiprocessing\process.py", line 313, in _bootstrap
    self.run()
    ~~~~~~~~^^
  File "C:\Program Files\WindowsApps\PythonSoftwareFoundation.Python.3.13_3.13.2544.0_x64__qbz5n2kfra8p0\Lib\multiprocessing\process.py", line 108, in run
    self._target(*self._args, **self._kwargs)
    ~~~~~~~~~~~~^^^^^^^^^^^^^^^^^^^^^^^^^^^^^
  File "C:\Users\johns\AppData\Local\Packages\PythonSoftwareFoundation.Python.3.13_qbz5n2kfra8p0\LocalCache\local-packages\Python313\site-packages\uvicorn\_subprocess.py", line 80, in subprocess_started
    target(sockets=sockets)
    ~~~~~~^^^^^^^^^^^^^^^^^
  File "C:\Users\johns\AppData\Local\Packages\PythonSoftwareFoundation.Python.3.13_qbz5n2kfra8p0\LocalCache\local-packages\Python313\site-packages\uvicorn\server.py", line 67, in run
    return asyncio_run(self.serve(sockets=sockets), loop_factory=self.config.get_loop_factory())
  File "C:\Program Files\WindowsApps\PythonSoftwareFoundation.Python.3.13_3.13.2544.0_x64__qbz5n2kfra8p0\Lib\asyncio\runners.py", line 195, in run
    return runner.run(main)
           ~~~~~~~~~~^^^^^^
  File "C:\Program Files\WindowsApps\PythonSoftwareFoundation.Python.3.13_3.13.2544.0_x64__qbz5n2kfra8p0\Lib\asyncio\runners.py", line 118, in run
    return self._loop.run_until_complete(task)
           ~~~~~~~~~~~~~~~~~~~~~~~~~~~~~^^^^^^
  File "C:\Program Files\WindowsApps\PythonSoftwareFoundation.Python.3.13_3.13.2544.0_x64__qbz5n2kfra8p0\Lib\asyncio\base_events.py", line 725, in run_until_complete
    return future.result()
           ~~~~~~~~~~~~~^^
  File "C:\Users\johns\AppData\Local\Packages\PythonSoftwareFoundation.Python.3.13_qbz5n2kfra8p0\LocalCache\local-packages\Python313\site-packages\uvicorn\server.py", line 71, in serve
    await self._serve(sockets)
  File "C:\Users\johns\AppData\Local\Packages\PythonSoftwareFoundation.Python.3.13_qbz5n2kfra8p0\LocalCache\local-packages\Python313\site-packages\uvicorn\server.py", line 78, in _serve
    config.load()
    ~~~~~~~~~~~^^
  File "C:\Users\johns\AppData\Local\Packages\PythonSoftwareFoundation.Python.3.13_qbz5n2kfra8p0\LocalCache\local-packages\Python313\site-packages\uvicorn\config.py", line 438, in load
    self.loaded_app = import_from_string(self.app)
                      ~~~~~~~~~~~~~~~~~~^^^^^^^^^^
  File "C:\Users\johns\AppData\Local\Packages\PythonSoftwareFoundation.Python.3.13_qbz5n2kfra8p0\LocalCache\local-packages\Python313\site-packages\uvicorn\importer.py", line 19, in import_from_string
    module = importlib.import_module(module_str)
  File "C:\Program Files\WindowsApps\PythonSoftwareFoundation.Python.3.13_3.13.2544.0_x64__qbz5n2kfra8p0\Lib\importlib\__init__.py", line 88, in import_module
    return _bootstrap._gcd_import(name[level:], package, level)
           ~~~~~~~~~~~~~~~~~~~~~~^^^^^^^^^^^^^^^^^^^^^^^^^^^^^^
  File "<frozen importlib._bootstrap>", line 1387, in _gcd_import
  File "<frozen importlib._bootstrap>", line 1360, in _find_and_load
  File "<frozen importlib._bootstrap>", line 1331, in _find_and_load_unlocked
  File "<frozen importlib._bootstrap>", line 935, in _load_unlocked
  File "<frozen importlib._bootstrap_external>", line 1023, in exec_module
  File "<frozen importlib._bootstrap_external>", line 1161, in get_code
  File "<frozen importlib._bootstrap_external>", line 1091, in source_to_code
  File "<frozen importlib._bootstrap>", line 488, in _call_with_frames_removed
  File "C:\Users\johns\OneDrive - Atlantic TU\CICD3\DPDProject\ConsignmentsCICD\app\main.py", line 84
    async def list_con_for_account(account_no: str, db: Session = Depends(get_db), claims):
                                                                                   ^^^^^^
SyntaxError: parameter without a default follows parameter with a default
WARNING:  StatReload detected changes in 'app\main.py'. Reloading...
 Process SpawnProcess-58:
Traceback (most recent call last):
  File "C:\Program Files\WindowsApps\PythonSoftwareFoundation.Python.3.13_3.13.2544.0_x64__qbz5n2kfra8p0\Lib\multiprocessing\process.py", line 313, in _bootstrap
    self.run()
    ~~~~~~~~^^
  File "C:\Program Files\WindowsApps\PythonSoftwareFoundation.Python.3.13_3.13.2544.0_x64__qbz5n2kfra8p0\Lib\multiprocessing\process.py", line 108, in run
    self._target(*self._args, **self._kwargs)
    ~~~~~~~~~~~~^^^^^^^^^^^^^^^^^^^^^^^^^^^^^
  File "C:\Users\johns\AppData\Local\Packages\PythonSoftwareFoundation.Python.3.13_qbz5n2kfra8p0\LocalCache\local-packages\Python313\site-packages\uvicorn\_subprocess.py", line 80, in subprocess_started
    target(sockets=sockets)
    ~~~~~~^^^^^^^^^^^^^^^^^
  File "C:\Users\johns\AppData\Local\Packages\PythonSoftwareFoundation.Python.3.13_qbz5n2kfra8p0\LocalCache\local-packages\Python313\site-packages\uvicorn\server.py", line 67, in run
    return asyncio_run(self.serve(sockets=sockets), loop_factory=self.config.get_loop_factory())
  File "C:\Program Files\WindowsApps\PythonSoftwareFoundation.Python.3.13_3.13.2544.0_x64__qbz5n2kfra8p0\Lib\asyncio\runners.py", line 195, in run
    return runner.run(main)
           ~~~~~~~~~~^^^^^^
  File "C:\Program Files\WindowsApps\PythonSoftwareFoundation.Python.3.13_3.13.2544.0_x64__qbz5n2kfra8p0\Lib\asyncio\runners.py", line 118, in run
    return self._loop.run_until_complete(task)
           ~~~~~~~~~~~~~~~~~~~~~~~~~~~~~^^^^^^
  File "C:\Program Files\WindowsApps\PythonSoftwareFoundation.Python.3.13_3.13.2544.0_x64__qbz5n2kfra8p0\Lib\asyncio\base_events.py", line 725, in run_until_complete
    return future.result()
           ~~~~~~~~~~~~~^^
  File "C:\Users\johns\AppData\Local\Packages\PythonSoftwareFoundation.Python.3.13_qbz5n2kfra8p0\LocalCache\local-packages\Python313\site-packages\uvicorn\server.py", line 71, in serve
    await self._serve(sockets)
  File "C:\Users\johns\AppData\Local\Packages\PythonSoftwareFoundation.Python.3.13_qbz5n2kfra8p0\LocalCache\local-packages\Python313\site-packages\uvicorn\server.py", line 78, in _serve
    config.load()
    ~~~~~~~~~~~^^
  File "C:\Users\johns\AppData\Local\Packages\PythonSoftwareFoundation.Python.3.13_qbz5n2kfra8p0\LocalCache\local-packages\Python313\site-packages\uvicorn\config.py", line 438, in load
    self.loaded_app = import_from_string(self.app)
                      ~~~~~~~~~~~~~~~~~~^^^^^^^^^^
  File "C:\Users\johns\AppData\Local\Packages\PythonSoftwareFoundation.Python.3.13_qbz5n2kfra8p0\LocalCache\local-packages\Python313\site-packages\uvicorn\importer.py", line 19, in import_from_string
    module = importlib.import_module(module_str)
  File "C:\Program Files\WindowsApps\PythonSoftwareFoundation.Python.3.13_3.13.2544.0_x64__qbz5n2kfra8p0\Lib\importlib\__init__.py", line 88, in import_module
    return _bootstrap._gcd_import(name[level:], package, level)
           ~~~~~~~~~~~~~~~~~~~~~~^^^^^^^^^^^^^^^^^^^^^^^^^^^^^^
  File "<frozen importlib._bootstrap>", line 1387, in _gcd_import
  File "<frozen importlib._bootstrap>", line 1360, in _find_and_load
  File "<frozen importlib._bootstrap>", line 1331, in _find_and_load_unlocked
  File "<frozen importlib._bootstrap>", line 935, in _load_unlocked
  File "<frozen importlib._bootstrap_external>", line 1023, in exec_module
  File "<frozen importlib._bootstrap_external>", line 1161, in get_code
  File "<frozen importlib._bootstrap_external>", line 1091, in source_to_code
  File "<frozen importlib._bootstrap>", line 488, in _call_with_frames_removed
  File "C:\Users\johns\OneDrive - Atlantic TU\CICD3\DPDProject\ConsignmentsCICD\app\main.py", line 84
    async def list_con_for_account(account_no: str, db: Session = Depends(get_db), claims:):
                                                                                          ^
SyntaxError: invalid syntax
WARNING:  StatReload detected changes in 'app\main.py'. Reloading...
 Process SpawnProcess-59:
Traceback (most recent call last):
  File "C:\Program Files\WindowsApps\PythonSoftwareFoundation.Python.3.13_3.13.2544.0_x64__qbz5n2kfra8p0\Lib\multiprocessing\process.py", line 313, in _bootstrap
    self.run()
    ~~~~~~~~^^
  File "C:\Program Files\WindowsApps\PythonSoftwareFoundation.Python.3.13_3.13.2544.0_x64__qbz5n2kfra8p0\Lib\multiprocessing\process.py", line 108, in run
    self._target(*self._args, **self._kwargs)
    ~~~~~~~~~~~~^^^^^^^^^^^^^^^^^^^^^^^^^^^^^
  File "C:\Users\johns\AppData\Local\Packages\PythonSoftwareFoundation.Python.3.13_qbz5n2kfra8p0\LocalCache\local-packages\Python313\site-packages\uvicorn\_subprocess.py", line 80, in subprocess_started
    target(sockets=sockets)
    ~~~~~~^^^^^^^^^^^^^^^^^
  File "C:\Users\johns\AppData\Local\Packages\PythonSoftwareFoundation.Python.3.13_qbz5n2kfra8p0\LocalCache\local-packages\Python313\site-packages\uvicorn\server.py", line 67, in run
    return asyncio_run(self.serve(sockets=sockets), loop_factory=self.config.get_loop_factory())
  File "C:\Program Files\WindowsApps\PythonSoftwareFoundation.Python.3.13_3.13.2544.0_x64__qbz5n2kfra8p0\Lib\asyncio\runners.py", line 195, in run
    return runner.run(main)
           ~~~~~~~~~~^^^^^^
  File "C:\Program Files\WindowsApps\PythonSoftwareFoundation.Python.3.13_3.13.2544.0_x64__qbz5n2kfra8p0\Lib\asyncio\runners.py", line 118, in run
    return self._loop.run_until_complete(task)
           ~~~~~~~~~~~~~~~~~~~~~~~~~~~~~^^^^^^
  File "C:\Program Files\WindowsApps\PythonSoftwareFoundation.Python.3.13_3.13.2544.0_x64__qbz5n2kfra8p0\Lib\asyncio\base_events.py", line 725, in run_until_complete
    return future.result()
           ~~~~~~~~~~~~~^^
  File "C:\Users\johns\AppData\Local\Packages\PythonSoftwareFoundation.Python.3.13_qbz5n2kfra8p0\LocalCache\local-packages\Python313\site-packages\uvicorn\server.py", line 71, in serve
    await self._serve(sockets)
  File "C:\Users\johns\AppData\Local\Packages\PythonSoftwareFoundation.Python.3.13_qbz5n2kfra8p0\LocalCache\local-packages\Python313\site-packages\uvicorn\server.py", line 78, in _serve
    config.load()
    ~~~~~~~~~~~^^
  File "C:\Users\johns\AppData\Local\Packages\PythonSoftwareFoundation.Python.3.13_qbz5n2kfra8p0\LocalCache\local-packages\Python313\site-packages\uvicorn\config.py", line 438, in load
    self.loaded_app = import_from_string(self.app)
                      ~~~~~~~~~~~~~~~~~~^^^^^^^^^^
  File "C:\Users\johns\AppData\Local\Packages\PythonSoftwareFoundation.Python.3.13_qbz5n2kfra8p0\LocalCache\local-packages\Python313\site-packages\uvicorn\importer.py", line 19, in import_from_string
    module = importlib.import_module(module_str)
  File "C:\Program Files\WindowsApps\PythonSoftwareFoundation.Python.3.13_3.13.2544.0_x64__qbz5n2kfra8p0\Lib\importlib\__init__.py", line 88, in import_module
    return _bootstrap._gcd_import(name[level:], package, level)
           ~~~~~~~~~~~~~~~~~~~~~~^^^^^^^^^^^^^^^^^^^^^^^^^^^^^^
  File "<frozen importlib._bootstrap>", line 1387, in _gcd_import
  File "<frozen importlib._bootstrap>", line 1360, in _find_and_load
  File "<frozen importlib._bootstrap>", line 1331, in _find_and_load_unlocked
  File "<frozen importlib._bootstrap>", line 935, in _load_unlocked
  File "<frozen importlib._bootstrap_external>", line 1023, in exec_module
  File "<frozen importlib._bootstrap_external>", line 1161, in get_code
  File "<frozen importlib._bootstrap_external>", line 1091, in source_to_code
  File "<frozen importlib._bootstrap>", line 488, in _call_with_frames_removed
  File "C:\Users\johns\OneDrive - Atlantic TU\CICD3\DPDProject\ConsignmentsCICD\app\main.py", line 85
    if not token_account_no or token_account_no != con.account_no:
                                                                 ^
SyntaxError: invalid syntax
WARNING:  StatReload detected changes in 'app\main.py'. Reloading...
 INFO:     Started server process [32284]
INFO:     Waiting for application startup.
2026-01-09 20:09:50,638 INFO sqlalchemy.engine.Engine BEGIN (implicit)
2026-01-09 20:09:50,638 INFO sqlalchemy.engine.Engine PRAGMA main.table_info("consignments")
2026-01-09 20:09:50,638 INFO sqlalchemy.engine.Engine [raw sql] ()
2026-01-09 20:09:50,639 INFO sqlalchemy.engine.Engine COMMIT
INFO:     Application startup complete.
WARNING:  StatReload detected changes in 'app\main.py'. Reloading...
 INFO:     Shutting down
INFO:     Waiting for application shutdown.
INFO:     Application shutdown complete.
INFO:     Finished server process [32284]
WARNING:  StatReload detected changes in 'app\main.py'. Reloading...
 INFO:     Started server process [32184]
INFO:     Waiting for application startup.
2026-01-09 20:09:56,712 INFO sqlalchemy.engine.Engine BEGIN (implicit)
2026-01-09 20:09:56,712 INFO sqlalchemy.engine.Engine PRAGMA main.table_info("consignments")
2026-01-09 20:09:56,712 INFO sqlalchemy.engine.Engine [raw sql] ()
2026-01-09 20:09:56,712 INFO sqlalchemy.engine.Engine COMMIT
INFO:     Application startup complete.
ERROR:    Traceback (most recent call last):
  File "C:\Program Files\WindowsApps\PythonSoftwareFoundation.Python.3.13_3.13.2544.0_x64__qbz5n2kfra8p0\Lib\asyncio\runners.py", line 118, in run
    return self._loop.run_until_complete(task)
           ~~~~~~~~~~~~~~~~~~~~~~~~~~~~~^^^^^^
  File "C:\Program Files\WindowsApps\PythonSoftwareFoundation.Python.3.13_3.13.2544.0_x64__qbz5n2kfra8p0\Lib\asyncio\base_events.py", line 725, in run_until_complete
    return future.result()
           ~~~~~~~~~~~~~^^
asyncio.exceptions.CancelledError

During handling of the above exception, another exception occurred:

Traceback (most recent call last):
  File "C:\Program Files\WindowsApps\PythonSoftwareFoundation.Python.3.13_3.13.2544.0_x64__qbz5n2kfra8p0\Lib\asyncio\runners.py", line 195, in run
    return runner.run(main)
           ~~~~~~~~~~^^^^^^
  File "C:\Program Files\WindowsApps\PythonSoftwareFoundation.Python.3.13_3.13.2544.0_x64__qbz5n2kfra8p0\Lib\asyncio\runners.py", line 123, in run
    raise KeyboardInterrupt()
KeyboardInterrupt

During handling of the above exception, another exception occurred:

Traceback (most recent call last):
  File "C:\Users\johns\AppData\Local\Packages\PythonSoftwareFoundation.Python.3.13_qbz5n2kfra8p0\LocalCache\local-packages\Python313\site-packages\starlette\routing.py", line 701, in lifespan
    await receive()
  File "C:\Users\johns\AppData\Local\Packages\PythonSoftwareFoundation.Python.3.13_qbz5n2kfra8p0\LocalCache\local-packages\Python313\site-packages\uvicorn\lifespan\on.py", line 137, in receive
    return await self.receive_queue.get()
           ^^^^^^^^^^^^^^^^^^^^^^^^^^^^^^
  File "C:\Program Files\WindowsApps\PythonSoftwareFoundation.Python.3.13_3.13.2544.0_x64__qbz5n2kfra8p0\Lib\asyncio\queues.py", line 186, in get
    await getter
asyncio.exceptions.CancelledError

INFO:     Started server process [27616]
INFO:     Waiting for application startup.
2026-01-09 20:09:57,658 INFO sqlalchemy.engine.Engine BEGIN (implicit)
2026-01-09 20:09:57,658 INFO sqlalchemy.engine.Engine PRAGMA main.table_info("consignments")
2026-01-09 20:09:57,658 INFO sqlalchemy.engine.Engine [raw sql] ()
2026-01-09 20:09:57,658 INFO sqlalchemy.engine.Engine COMMIT
INFO:     Application startup complete.
WARNING:  StatReload detected changes in 'app\main.py'. Reloading...
 INFO:     Shutting down
INFO:     Waiting for application shutdown.
INFO:     Application shutdown complete.
INFO:     Finished server process [27616]
INFO:     Started server process [31088]
INFO:     Waiting for application startup.
2026-01-09 20:10:07,257 INFO sqlalchemy.engine.Engine BEGIN (implicit)
2026-01-09 20:10:07,257 INFO sqlalchemy.engine.Engine PRAGMA main.table_info("consignments")
2026-01-09 20:10:07,258 INFO sqlalchemy.engine.Engine [raw sql] ()
2026-01-09 20:10:07,258 INFO sqlalchemy.engine.Engine COMMIT
INFO:     Application startup complete.
WARNING:  StatReload detected changes in 'app\main.py'. Reloading...
 INFO:     Shutting down
INFO:     Waiting for application shutdown.
INFO:     Application shutdown complete.
INFO:     Finished server process [31088]
INFO:     Started server process [22900]
INFO:     Waiting for application startup.
2026-01-09 20:10:24,578 INFO sqlalchemy.engine.Engine BEGIN (implicit)
2026-01-09 20:10:24,578 INFO sqlalchemy.engine.Engine PRAGMA main.table_info("consignments")
2026-01-09 20:10:24,578 INFO sqlalchemy.engine.Engine [raw sql] ()
2026-01-09 20:10:24,579 INFO sqlalchemy.engine.Engine COMMIT
INFO:     Application startup complete.
WARNING:  StatReload detected changes in 'app\main.py'. Reloading...
 INFO:     Shutting down
INFO:     Waiting for application shutdown.
INFO:     Application shutdown complete.
INFO:     Finished server process [22900]
INFO:     Started server process [33104]
INFO:     Waiting for application startup.
2026-01-09 20:10:25,705 INFO sqlalchemy.engine.Engine BEGIN (implicit)
2026-01-09 20:10:25,705 INFO sqlalchemy.engine.Engine PRAGMA main.table_info("consignments")
2026-01-09 20:10:25,705 INFO sqlalchemy.engine.Engine [raw sql] ()
2026-01-09 20:10:25,705 INFO sqlalchemy.engine.Engine COMMIT
INFO:     Application startup complete.
WARNING:  StatReload detected changes in 'app\main.py'. Reloading...
 INFO:     Shutting down
INFO:     Waiting for application shutdown.
INFO:     Application shutdown complete.
INFO:     Finished server process [33104]
INFO:     Started server process [4684]
INFO:     Waiting for application startup.
2026-01-09 20:10:28,578 INFO sqlalchemy.engine.Engine BEGIN (implicit)
2026-01-09 20:10:28,578 INFO sqlalchemy.engine.Engine PRAGMA main.table_info("consignments")
2026-01-09 20:10:28,578 INFO sqlalchemy.engine.Engine [raw sql] ()
2026-01-09 20:10:28,579 INFO sqlalchemy.engine.Engine COMMIT
INFO:     Application startup complete.
WARNING:  StatReload detected changes in 'app\main.py'. Reloading...
 INFO:     Shutting down
INFO:     Waiting for application shutdown.
INFO:     Application shutdown complete.
INFO:     Finished server process [4684]
INFO:     Started server process [12504]
INFO:     Waiting for application startup.
2026-01-09 20:10:51,498 INFO sqlalchemy.engine.Engine BEGIN (implicit)
2026-01-09 20:10:51,499 INFO sqlalchemy.engine.Engine PRAGMA main.table_info("consignments")
2026-01-09 20:10:51,499 INFO sqlalchemy.engine.Engine [raw sql] ()
2026-01-09 20:10:51,499 INFO sqlalchemy.engine.Engine COMMIT
INFO:     Application startup complete.
INFO:     127.0.0.1:50808 - "GET /api/consignment/%7B%7B11%7D%7D HTTP/1.1" 422 Unprocessable Content
2026-01-09 20:11:30,809 INFO sqlalchemy.engine.Engine BEGIN (implicit)
2026-01-09 20:11:30,814 INFO sqlalchemy.engine.Engine SELECT consignments.id, consignments.account_no, consignments.name, consignments.addressline1, consignments.addressline2, consignments.addressline3, consignments.addressline4, consignments.weight, consignments.consignment_number, consignments.delivery_depot 
FROM consignments 
WHERE consignments.consignment_number = ?
2026-01-09 20:11:30,814 INFO sqlalchemy.engine.Engine [generated in 0.00035s] (11,)
2026-01-09 20:11:30,817 INFO sqlalchemy.engine.Engine ROLLBACK
INFO:     127.0.0.1:50811 - "GET /api/consignment/11 HTTP/1.1" 200 OK
2026-01-09 20:12:57,981 INFO sqlalchemy.engine.Engine BEGIN (implicit)
2026-01-09 20:12:57,982 INFO sqlalchemy.engine.Engine SELECT consignments.consignment_number 
FROM consignments 
WHERE consignments.account_no = ? ORDER BY consignments.consignment_number
2026-01-09 20:12:57,982 INFO sqlalchemy.engine.Engine [generated in 0.00013s] ('A00001',)
2026-01-09 20:12:57,984 INFO sqlalchemy.engine.Engine ROLLBACK
INFO:     127.0.0.1:65309 - "GET /api/consignment/account/A00001 HTTP/1.1" 200 OK
WARNING:  StatReload detected changes in 'app\main.py'. Reloading...
 INFO:     Shutting down
INFO:     Waiting for application shutdown.
INFO:     Application shutdown complete.
INFO:     Finished server process [12504]
2026-01-09 20:30:10,658 INFO sqlalchemy.engine.Engine BEGIN (implicit)
2026-01-09 20:30:10,658 INFO sqlalchemy.engine.Engine PRAGMA main.table_info("consignments")
2026-01-09 20:30:10,658 INFO sqlalchemy.engine.Engine [raw sql] ()
2026-01-09 20:30:10,659 INFO sqlalchemy.engine.Engine 
DROP TABLE consignments
2026-01-09 20:30:10,659 INFO sqlalchemy.engine.Engine [no key 0.00006s] ()
2026-01-09 20:30:10,663 INFO sqlalchemy.engine.Engine COMMIT
INFO:     Started server process [31196]
INFO:     Waiting for application startup.
2026-01-09 20:30:10,670 INFO sqlalchemy.engine.Engine BEGIN (implicit)
2026-01-09 20:30:10,670 INFO sqlalchemy.engine.Engine PRAGMA main.table_info("consignments")
2026-01-09 20:30:10,671 INFO sqlalchemy.engine.Engine [raw sql] ()
2026-01-09 20:30:10,671 INFO sqlalchemy.engine.Engine PRAGMA temp.table_info("consignments")
2026-01-09 20:30:10,671 INFO sqlalchemy.engine.Engine [raw sql] ()
2026-01-09 20:30:10,671 INFO sqlalchemy.engine.Engine 
CREATE TABLE consignments (
	id INTEGER NOT NULL, 
	account_no VARCHAR NOT NULL, 
	name VARCHAR(6) NOT NULL, 
	addressline1 VARCHAR(30) NOT NULL, 
	addressline2 VARCHAR(30), 
	addressline3 VARCHAR(30) NOT NULL, 
	addressline4 VARCHAR(30) NOT NULL, 
	weight INTEGER NOT NULL, 
	consignment_number INTEGER NOT NULL, 
	delivery_depot INTEGER NOT NULL, 
	PRIMARY KEY (id), 
	UNIQUE (consignment_number)
)


2026-01-09 20:30:10,671 INFO sqlalchemy.engine.Engine [no key 0.00006s] ()
2026-01-09 20:30:10,674 INFO sqlalchemy.engine.Engine COMMIT
INFO:     Application startup complete.
WARNING:  StatReload detected changes in 'app\main.py'. Reloading...
 INFO:     Shutting down
INFO:     Waiting for application shutdown.
INFO:     Application shutdown complete.
INFO:     Finished server process [31196]
INFO:     Started server process [24552]
INFO:     Waiting for application startup.
2026-01-09 20:30:12,729 INFO sqlalchemy.engine.Engine BEGIN (implicit)
2026-01-09 20:30:12,730 INFO sqlalchemy.engine.Engine PRAGMA main.table_info("consignments")
2026-01-09 20:30:12,730 INFO sqlalchemy.engine.Engine [raw sql] ()
2026-01-09 20:30:12,730 INFO sqlalchemy.engine.Engine COMMIT
INFO:     Application startup complete.
WARNING:  StatReload detected changes in 'app\main.py'. Reloading...
 INFO:     Shutting down
INFO:     Waiting for application shutdown.
INFO:     Application shutdown complete.
INFO:     Finished server process [24552]
INFO:     Started server process [23940]
INFO:     Waiting for application startup.
2026-01-09 21:12:16,976 INFO sqlalchemy.engine.Engine BEGIN (implicit)
2026-01-09 21:12:16,976 INFO sqlalchemy.engine.Engine PRAGMA main.table_info("consignments")
2026-01-09 21:12:16,976 INFO sqlalchemy.engine.Engine [raw sql] ()
2026-01-09 21:12:16,977 INFO sqlalchemy.engine.Engine COMMIT
INFO:     Application startup complete.
WARNING:  StatReload detected changes in 'app\main.py'. Reloading...
 INFO:     Shutting down
INFO:     Waiting for application shutdown.
INFO:     Application shutdown complete.
INFO:     Finished server process [23940]
INFO:     Started server process [34324]
INFO:     Waiting for application startup.
2026-01-09 21:12:21,055 INFO sqlalchemy.engine.Engine BEGIN (implicit)
2026-01-09 21:12:21,055 INFO sqlalchemy.engine.Engine PRAGMA main.table_info("consignments")
2026-01-09 21:12:21,055 INFO sqlalchemy.engine.Engine [raw sql] ()
2026-01-09 21:12:21,055 INFO sqlalchemy.engine.Engine COMMIT
INFO:     Application startup complete.
WARNING:  StatReload detected changes in 'app\main.py'. Reloading...
 INFO:     Shutting down
INFO:     Waiting for application shutdown.
INFO:     Application shutdown complete.
INFO:     Finished server process [34324]
Process SpawnProcess-72:
Traceback (most recent call last):
  File "C:\Program Files\WindowsApps\PythonSoftwareFoundation.Python.3.13_3.13.2544.0_x64__qbz5n2kfra8p0\Lib\multiprocessing\process.py", line 313, in _bootstrap
    self.run()
    ~~~~~~~~^^
  File "C:\Program Files\WindowsApps\PythonSoftwareFoundation.Python.3.13_3.13.2544.0_x64__qbz5n2kfra8p0\Lib\multiprocessing\process.py", line 108, in run
    self._target(*self._args, **self._kwargs)
    ~~~~~~~~~~~~^^^^^^^^^^^^^^^^^^^^^^^^^^^^^
  File "C:\Users\johns\AppData\Local\Packages\PythonSoftwareFoundation.Python.3.13_qbz5n2kfra8p0\LocalCache\local-packages\Python313\site-packages\uvicorn\_subprocess.py", line 80, in subprocess_started
    target(sockets=sockets)
    ~~~~~~^^^^^^^^^^^^^^^^^
  File "C:\Users\johns\AppData\Local\Packages\PythonSoftwareFoundation.Python.3.13_qbz5n2kfra8p0\LocalCache\local-packages\Python313\site-packages\uvicorn\server.py", line 67, in run
    return asyncio_run(self.serve(sockets=sockets), loop_factory=self.config.get_loop_factory())
  File "C:\Program Files\WindowsApps\PythonSoftwareFoundation.Python.3.13_3.13.2544.0_x64__qbz5n2kfra8p0\Lib\asyncio\runners.py", line 195, in run
    return runner.run(main)
           ~~~~~~~~~~^^^^^^
  File "C:\Program Files\WindowsApps\PythonSoftwareFoundation.Python.3.13_3.13.2544.0_x64__qbz5n2kfra8p0\Lib\asyncio\runners.py", line 118, in run
    return self._loop.run_until_complete(task)
           ~~~~~~~~~~~~~~~~~~~~~~~~~~~~~^^^^^^
  File "C:\Program Files\WindowsApps\PythonSoftwareFoundation.Python.3.13_3.13.2544.0_x64__qbz5n2kfra8p0\Lib\asyncio\base_events.py", line 725, in run_until_complete
    return future.result()
           ~~~~~~~~~~~~~^^
  File "C:\Users\johns\AppData\Local\Packages\PythonSoftwareFoundation.Python.3.13_qbz5n2kfra8p0\LocalCache\local-packages\Python313\site-packages\uvicorn\server.py", line 71, in serve
    await self._serve(sockets)
  File "C:\Users\johns\AppData\Local\Packages\PythonSoftwareFoundation.Python.3.13_qbz5n2kfra8p0\LocalCache\local-packages\Python313\site-packages\uvicorn\server.py", line 78, in _serve
    config.load()
    ~~~~~~~~~~~^^
  File "C:\Users\johns\AppData\Local\Packages\PythonSoftwareFoundation.Python.3.13_qbz5n2kfra8p0\LocalCache\local-packages\Python313\site-packages\uvicorn\config.py", line 438, in load
    self.loaded_app = import_from_string(self.app)
                      ~~~~~~~~~~~~~~~~~~^^^^^^^^^^
  File "C:\Users\johns\AppData\Local\Packages\PythonSoftwareFoundation.Python.3.13_qbz5n2kfra8p0\LocalCache\local-packages\Python313\site-packages\uvicorn\importer.py", line 19, in import_from_string
    module = importlib.import_module(module_str)
  File "C:\Program Files\WindowsApps\PythonSoftwareFoundation.Python.3.13_3.13.2544.0_x64__qbz5n2kfra8p0\Lib\importlib\__init__.py", line 88, in import_module
    return _bootstrap._gcd_import(name[level:], package, level)
           ~~~~~~~~~~~~~~~~~~~~~~^^^^^^^^^^^^^^^^^^^^^^^^^^^^^^
  File "<frozen importlib._bootstrap>", line 1387, in _gcd_import
  File "<frozen importlib._bootstrap>", line 1360, in _find_and_load
  File "<frozen importlib._bootstrap>", line 1331, in _find_and_load_unlocked
  File "<frozen importlib._bootstrap>", line 935, in _load_unlocked
  File "<frozen importlib._bootstrap_external>", line 1023, in exec_module
  File "<frozen importlib._bootstrap_external>", line 1161, in get_code
  File "<frozen importlib._bootstrap_external>", line 1091, in source_to_code
  File "<frozen importlib._bootstrap>", line 488, in _call_with_frames_removed
  File "C:\Users\johns\OneDrive - Atlantic TU\CICD3\DPDProject\ConsignmentsCICD\app\main.py", line 184
    depot_number = await resolve_depot_number(new_county)
                   ^^^^^^^^^^^^^^^^^^^^^^^^^^^^^^^^^^^^^^
SyntaxError: 'await' outside async function
WARNING:  StatReload detected changes in 'app\main.py'. Reloading...
 Process SpawnProcess-73:
Traceback (most recent call last):
  File "C:\Program Files\WindowsApps\PythonSoftwareFoundation.Python.3.13_3.13.2544.0_x64__qbz5n2kfra8p0\Lib\multiprocessing\process.py", line 313, in _bootstrap
    self.run()
    ~~~~~~~~^^
  File "C:\Program Files\WindowsApps\PythonSoftwareFoundation.Python.3.13_3.13.2544.0_x64__qbz5n2kfra8p0\Lib\multiprocessing\process.py", line 108, in run
    self._target(*self._args, **self._kwargs)
    ~~~~~~~~~~~~^^^^^^^^^^^^^^^^^^^^^^^^^^^^^
  File "C:\Users\johns\AppData\Local\Packages\PythonSoftwareFoundation.Python.3.13_qbz5n2kfra8p0\LocalCache\local-packages\Python313\site-packages\uvicorn\_subprocess.py", line 80, in subprocess_started
    target(sockets=sockets)
    ~~~~~~^^^^^^^^^^^^^^^^^
  File "C:\Users\johns\AppData\Local\Packages\PythonSoftwareFoundation.Python.3.13_qbz5n2kfra8p0\LocalCache\local-packages\Python313\site-packages\uvicorn\server.py", line 67, in run
    return asyncio_run(self.serve(sockets=sockets), loop_factory=self.config.get_loop_factory())
  File "C:\Program Files\WindowsApps\PythonSoftwareFoundation.Python.3.13_3.13.2544.0_x64__qbz5n2kfra8p0\Lib\asyncio\runners.py", line 195, in run
    return runner.run(main)
           ~~~~~~~~~~^^^^^^
  File "C:\Program Files\WindowsApps\PythonSoftwareFoundation.Python.3.13_3.13.2544.0_x64__qbz5n2kfra8p0\Lib\asyncio\runners.py", line 118, in run
    return self._loop.run_until_complete(task)
           ~~~~~~~~~~~~~~~~~~~~~~~~~~~~~^^^^^^
  File "C:\Program Files\WindowsApps\PythonSoftwareFoundation.Python.3.13_3.13.2544.0_x64__qbz5n2kfra8p0\Lib\asyncio\base_events.py", line 725, in run_until_complete
    return future.result()
           ~~~~~~~~~~~~~^^
  File "C:\Users\johns\AppData\Local\Packages\PythonSoftwareFoundation.Python.3.13_qbz5n2kfra8p0\LocalCache\local-packages\Python313\site-packages\uvicorn\server.py", line 71, in serve
    await self._serve(sockets)
  File "C:\Users\johns\AppData\Local\Packages\PythonSoftwareFoundation.Python.3.13_qbz5n2kfra8p0\LocalCache\local-packages\Python313\site-packages\uvicorn\server.py", line 78, in _serve
    config.load()
    ~~~~~~~~~~~^^
  File "C:\Users\johns\AppData\Local\Packages\PythonSoftwareFoundation.Python.3.13_qbz5n2kfra8p0\LocalCache\local-packages\Python313\site-packages\uvicorn\config.py", line 438, in load
    self.loaded_app = import_from_string(self.app)
                      ~~~~~~~~~~~~~~~~~~^^^^^^^^^^
  File "C:\Users\johns\AppData\Local\Packages\PythonSoftwareFoundation.Python.3.13_qbz5n2kfra8p0\LocalCache\local-packages\Python313\site-packages\uvicorn\importer.py", line 19, in import_from_string
    module = importlib.import_module(module_str)
  File "C:\Program Files\WindowsApps\PythonSoftwareFoundation.Python.3.13_3.13.2544.0_x64__qbz5n2kfra8p0\Lib\importlib\__init__.py", line 88, in import_module
    return _bootstrap._gcd_import(name[level:], package, level)
           ~~~~~~~~~~~~~~~~~~~~~~^^^^^^^^^^^^^^^^^^^^^^^^^^^^^^
  File "<frozen importlib._bootstrap>", line 1387, in _gcd_import
  File "<frozen importlib._bootstrap>", line 1360, in _find_and_load
  File "<frozen importlib._bootstrap>", line 1331, in _find_and_load_unlocked
  File "<frozen importlib._bootstrap>", line 935, in _load_unlocked
  File "<frozen importlib._bootstrap_external>", line 1023, in exec_module
  File "<frozen importlib._bootstrap_external>", line 1161, in get_code
  File "<frozen importlib._bootstrap_external>", line 1091, in source_to_code
  File "<frozen importlib._bootstrap>", line 488, in _call_with_frames_removed
  File "C:\Users\johns\OneDrive - Atlantic TU\CICD3\DPDProject\ConsignmentsCICD\app\main.py", line 184
    depot_number = await resolve_depot_number(new_county)
                   ^^^^^^^^^^^^^^^^^^^^^^^^^^^^^^^^^^^^^^
SyntaxError: 'await' outside async function
WARNING:  StatReload detected changes in 'app\main.py'. Reloading...
 INFO:     Started server process [26828]
INFO:     Waiting for application startup.
2026-01-09 21:12:33,377 INFO sqlalchemy.engine.Engine BEGIN (implicit)
2026-01-09 21:12:33,377 INFO sqlalchemy.engine.Engine PRAGMA main.table_info("consignments")
2026-01-09 21:12:33,377 INFO sqlalchemy.engine.Engine [raw sql] ()
2026-01-09 21:12:33,378 INFO sqlalchemy.engine.Engine COMMIT
INFO:     Application startup complete.
WARNING:  StatReload detected changes in 'app\main.py'. Reloading...
 INFO:     Shutting down
INFO:     Waiting for application shutdown.
INFO:     Application shutdown complete.
INFO:     Finished server process [26828]
INFO:     Started server process [34236]
INFO:     Waiting for application startup.
2026-01-09 21:13:09,314 INFO sqlalchemy.engine.Engine BEGIN (implicit)
2026-01-09 21:13:09,314 INFO sqlalchemy.engine.Engine PRAGMA main.table_info("consignments")
2026-01-09 21:13:09,314 INFO sqlalchemy.engine.Engine [raw sql] ()
2026-01-09 21:13:09,315 INFO sqlalchemy.engine.Engine COMMIT
INFO:     Application startup complete.
WARNING:  StatReload detected changes in 'app\main.py'. Reloading...
 INFO:     Shutting down
INFO:     Waiting for application shutdown.
INFO:     Application shutdown complete.
INFO:     Finished server process [34236]
INFO:     Started server process [17860]
INFO:     Waiting for application startup.
2026-01-09 21:13:18,951 INFO sqlalchemy.engine.Engine BEGIN (implicit)
2026-01-09 21:13:18,951 INFO sqlalchemy.engine.Engine PRAGMA main.table_info("consignments")
2026-01-09 21:13:18,952 INFO sqlalchemy.engine.Engine [raw sql] ()
2026-01-09 21:13:18,952 INFO sqlalchemy.engine.Engine COMMIT
INFO:     Application startup complete.
WARNING:  StatReload detected changes in 'app\main.py'. Reloading...
 INFO:     Shutting down
INFO:     Waiting for application shutdown.
INFO:     Application shutdown complete.
INFO:     Finished server process [17860]
WARNING:  StatReload detected changes in 'app\main.py'. Reloading...
 INFO:     Started server process [16048]
INFO:     Waiting for application startup.
2026-01-09 21:14:07,179 INFO sqlalchemy.engine.Engine BEGIN (implicit)
2026-01-09 21:14:07,179 INFO sqlalchemy.engine.Engine PRAGMA main.table_info("consignments")
2026-01-09 21:14:07,179 INFO sqlalchemy.engine.Engine [raw sql] ()
2026-01-09 21:14:07,180 INFO sqlalchemy.engine.Engine COMMIT
INFO:     Application startup complete.
ERROR:    Traceback (most recent call last):
  File "C:\Program Files\WindowsApps\PythonSoftwareFoundation.Python.3.13_3.13.2544.0_x64__qbz5n2kfra8p0\Lib\asyncio\runners.py", line 118, in run
    return self._loop.run_until_complete(task)
           ~~~~~~~~~~~~~~~~~~~~~~~~~~~~~^^^^^^
  File "C:\Program Files\WindowsApps\PythonSoftwareFoundation.Python.3.13_3.13.2544.0_x64__qbz5n2kfra8p0\Lib\asyncio\base_events.py", line 725, in run_until_complete
    return future.result()
           ~~~~~~~~~~~~~^^
asyncio.exceptions.CancelledError

During handling of the above exception, another exception occurred:

Traceback (most recent call last):
  File "C:\Program Files\WindowsApps\PythonSoftwareFoundation.Python.3.13_3.13.2544.0_x64__qbz5n2kfra8p0\Lib\asyncio\runners.py", line 195, in run
    return runner.run(main)
           ~~~~~~~~~~^^^^^^
  File "C:\Program Files\WindowsApps\PythonSoftwareFoundation.Python.3.13_3.13.2544.0_x64__qbz5n2kfra8p0\Lib\asyncio\runners.py", line 123, in run
    raise KeyboardInterrupt()
KeyboardInterrupt

During handling of the above exception, another exception occurred:

Traceback (most recent call last):
  File "C:\Users\johns\AppData\Local\Packages\PythonSoftwareFoundation.Python.3.13_qbz5n2kfra8p0\LocalCache\local-packages\Python313\site-packages\starlette\routing.py", line 701, in lifespan
    await receive()
  File "C:\Users\johns\AppData\Local\Packages\PythonSoftwareFoundation.Python.3.13_qbz5n2kfra8p0\LocalCache\local-packages\Python313\site-packages\uvicorn\lifespan\on.py", line 137, in receive
    return await self.receive_queue.get()
           ^^^^^^^^^^^^^^^^^^^^^^^^^^^^^^
  File "C:\Program Files\WindowsApps\PythonSoftwareFoundation.Python.3.13_3.13.2544.0_x64__qbz5n2kfra8p0\Lib\asyncio\queues.py", line 186, in get
    await getter
asyncio.exceptions.CancelledError

INFO:     Started server process [32904]
INFO:     Waiting for application startup.
2026-01-09 21:14:08,819 INFO sqlalchemy.engine.Engine BEGIN (implicit)
2026-01-09 21:14:08,820 INFO sqlalchemy.engine.Engine PRAGMA main.table_info("consignments")
2026-01-09 21:14:08,820 INFO sqlalchemy.engine.Engine [raw sql] ()
2026-01-09 21:14:08,820 INFO sqlalchemy.engine.Engine COMMIT
INFO:     Application startup complete.
WARNING:  StatReload detected changes in 'app\main.py'. Reloading...
 INFO:     Shutting down
INFO:     Waiting for application shutdown.
INFO:     Application shutdown complete.
INFO:     Finished server process [32904]
INFO:     Started server process [33460]
INFO:     Waiting for application startup.
2026-01-09 21:14:11,462 INFO sqlalchemy.engine.Engine BEGIN (implicit)
2026-01-09 21:14:11,462 INFO sqlalchemy.engine.Engine PRAGMA main.table_info("consignments")
2026-01-09 21:14:11,462 INFO sqlalchemy.engine.Engine [raw sql] ()
2026-01-09 21:14:11,462 INFO sqlalchemy.engine.Engine COMMIT
INFO:     Application startup complete.
WARNING:  StatReload detected changes in 'app\main.py'. Reloading...
 INFO:     Shutting down
INFO:     Waiting for application shutdown.
INFO:     Application shutdown complete.
INFO:     Finished server process [33460]
INFO:     Started server process [11320]
INFO:     Waiting for application startup.
2026-01-09 21:14:16,389 INFO sqlalchemy.engine.Engine BEGIN (implicit)
2026-01-09 21:14:16,389 INFO sqlalchemy.engine.Engine PRAGMA main.table_info("consignments")
2026-01-09 21:14:16,389 INFO sqlalchemy.engine.Engine [raw sql] ()
2026-01-09 21:14:16,390 INFO sqlalchemy.engine.Engine COMMIT
INFO:     Application startup complete.
